{"/Users/c3p0/Documents/repositories/varbyte/nest-worker/cli/src/commands/doctor.command.ts": {"path":"/Users/c3p0/Documents/repositories/varbyte/nest-worker/cli/src/commands/doctor.command.ts","statementMap":{"0":{"start":{"line":14,"column":8},"end":{"line":14,"column":null}},"1":{"start":{"line":15,"column":2},"end":{"line":21,"column":null}},"2":{"start":{"line":16,"column":4},"end":{"line":20,"column":null}},"3":{"start":{"line":23,"column":2},"end":{"line":53,"column":null}},"4":{"start":{"line":24,"column":16},"end":{"line":24,"column":null}},"5":{"start":{"line":25,"column":17},"end":{"line":25,"column":null}},"6":{"start":{"line":27,"column":4},"end":{"line":33,"column":null}},"7":{"start":{"line":28,"column":6},"end":{"line":32,"column":null}},"8":{"start":{"line":35,"column":25},"end":{"line":35,"column":null}},"9":{"start":{"line":36,"column":20},"end":{"line":36,"column":null}},"10":{"start":{"line":36,"column":49},"end":{"line":36,"column":59}},"11":{"start":{"line":38,"column":4},"end":{"line":40,"column":null}},"12":{"start":{"line":39,"column":6},"end":{"line":39,"column":null}},"13":{"start":{"line":42,"column":4},"end":{"line":46,"column":null}},"14":{"start":{"line":48,"column":4},"end":{"line":52,"column":null}},"15":{"start":{"line":57,"column":8},"end":{"line":57,"column":null}},"16":{"start":{"line":58,"column":2},"end":{"line":66,"column":null}},"17":{"start":{"line":59,"column":4},"end":{"line":65,"column":null}},"18":{"start":{"line":68,"column":32},"end":{"line":68,"column":null}},"19":{"start":{"line":70,"column":2},"end":{"line":125,"column":null}},"20":{"start":{"line":71,"column":19},"end":{"line":71,"column":null}},"21":{"start":{"line":72,"column":28},"end":{"line":72,"column":null}},"22":{"start":{"line":74,"column":48},"end":{"line":85,"column":null}},"23":{"start":{"line":87,"column":4},"end":{"line":97,"column":null}},"24":{"start":{"line":88,"column":6},"end":{"line":96,"column":null}},"25":{"start":{"line":89,"column":8},"end":{"line":89,"column":null}},"26":{"start":{"line":91,"column":8},"end":{"line":95,"column":null}},"27":{"start":{"line":100,"column":10},"end":{"line":100,"column":null}},"28":{"start":{"line":101,"column":25},"end":{"line":101,"column":null}},"29":{"start":{"line":102,"column":4},"end":{"line":118,"column":null}},"30":{"start":{"line":103,"column":6},"end":{"line":106,"column":null}},"31":{"start":{"line":107,"column":11},"end":{"line":118,"column":null}},"32":{"start":{"line":108,"column":6},"end":{"line":112,"column":null}},"33":{"start":{"line":114,"column":6},"end":{"line":117,"column":null}},"34":{"start":{"line":120,"column":4},"end":{"line":124,"column":null}},"35":{"start":{"line":127,"column":2},"end":{"line":127,"column":null}},"36":{"start":{"line":131,"column":8},"end":{"line":131,"column":null}},"37":{"start":{"line":132,"column":2},"end":{"line":140,"column":null}},"38":{"start":{"line":133,"column":4},"end":{"line":139,"column":null}},"39":{"start":{"line":142,"column":32},"end":{"line":142,"column":null}},"40":{"start":{"line":143,"column":18},"end":{"line":143,"column":null}},"41":{"start":{"line":146,"column":23},"end":{"line":146,"column":null}},"42":{"start":{"line":147,"column":2},"end":{"line":172,"column":null}},"43":{"start":{"line":148,"column":4},"end":{"line":151,"column":null}},"44":{"start":{"line":154,"column":29},"end":{"line":154,"column":null}},"45":{"start":{"line":155,"column":4},"end":{"line":166,"column":null}},"46":{"start":{"line":156,"column":6},"end":{"line":159,"column":null}},"47":{"start":{"line":161,"column":6},"end":{"line":165,"column":null}},"48":{"start":{"line":168,"column":4},"end":{"line":171,"column":null}},"49":{"start":{"line":175,"column":2},"end":{"line":186,"column":null}},"50":{"start":{"line":176,"column":4},"end":{"line":179,"column":null}},"51":{"start":{"line":181,"column":4},"end":{"line":185,"column":null}},"52":{"start":{"line":189,"column":2},"end":{"line":200,"column":null}},"53":{"start":{"line":190,"column":4},"end":{"line":193,"column":null}},"54":{"start":{"line":195,"column":4},"end":{"line":199,"column":null}},"55":{"start":{"line":202,"column":2},"end":{"line":202,"column":null}},"56":{"start":{"line":206,"column":2},"end":{"line":209,"column":null}},"57":{"start":{"line":208,"column":22},"end":{"line":208,"column":55}},"58":{"start":{"line":213,"column":8},"end":{"line":213,"column":null}},"59":{"start":{"line":214,"column":2},"end":{"line":219,"column":null}},"60":{"start":{"line":215,"column":4},"end":{"line":218,"column":null}},"61":{"start":{"line":221,"column":2},"end":{"line":225,"column":null}},"62":{"start":{"line":232,"column":16},"end":{"line":232,"column":null}},"63":{"start":{"line":234,"column":2},"end":{"line":234,"column":null}},"64":{"start":{"line":236,"column":2},"end":{"line":244,"column":null}},"65":{"start":{"line":237,"column":17},"end":{"line":237,"column":null}},"66":{"start":{"line":238,"column":18},"end":{"line":238,"column":null}},"67":{"start":{"line":239,"column":4},"end":{"line":239,"column":null}},"68":{"start":{"line":241,"column":4},"end":{"line":243,"column":null}},"69":{"start":{"line":242,"column":6},"end":{"line":242,"column":null}},"70":{"start":{"line":246,"column":2},"end":{"line":246,"column":null}},"71":{"start":{"line":250,"column":14},"end":{"line":250,"column":null}},"72":{"start":{"line":251,"column":2},"end":{"line":251,"column":null}},"73":{"start":{"line":252,"column":2},"end":{"line":301,"column":null}},"74":{"start":{"line":253,"column":4},"end":{"line":253,"column":null}},"75":{"start":{"line":255,"column":10},"end":{"line":255,"column":null}},"76":{"start":{"line":256,"column":10},"end":{"line":256,"column":null}},"77":{"start":{"line":258,"column":4},"end":{"line":260,"column":null}},"78":{"start":{"line":263,"column":4},"end":{"line":263,"column":null}},"79":{"start":{"line":266,"column":4},"end":{"line":266,"column":null}},"80":{"start":{"line":269,"column":4},"end":{"line":269,"column":null}},"81":{"start":{"line":272,"column":4},"end":{"line":272,"column":null}},"82":{"start":{"line":275,"column":30},"end":{"line":280,"column":null}},"83":{"start":{"line":282,"column":19},"end":{"line":282,"column":null}},"84":{"start":{"line":282,"column":37},"end":{"line":282,"column":43}},"85":{"start":{"line":283,"column":19},"end":{"line":283,"column":null}},"86":{"start":{"line":283,"column":37},"end":{"line":283,"column":44}},"87":{"start":{"line":285,"column":4},"end":{"line":300,"column":null}},"88":{"start":{"line":286,"column":6},"end":{"line":288,"column":null}},"89":{"start":{"line":290,"column":6},"end":{"line":294,"column":null}},"90":{"start":{"line":295,"column":6},"end":{"line":299,"column":null}},"91":{"start":{"line":302,"column":2},"end":{"line":302,"column":null}}},"fnMap":{"0":{"name":"checkDependencies","decl":{"start":{"line":13,"column":9},"end":{"line":13,"column":27}},"loc":{"start":{"line":13,"column":53},"end":{"line":54,"column":null}},"line":13},"1":{"name":"(anonymous_1)","decl":{"start":{"line":36,"column":33},"end":{"line":36,"column":41}},"loc":{"start":{"line":36,"column":49},"end":{"line":36,"column":59}},"line":36},"2":{"name":"checkTsConfig","decl":{"start":{"line":56,"column":9},"end":{"line":56,"column":23}},"loc":{"start":{"line":56,"column":51},"end":{"line":128,"column":null}},"line":56},"3":{"name":"checkWrangler","decl":{"start":{"line":130,"column":9},"end":{"line":130,"column":23}},"loc":{"start":{"line":130,"column":51},"end":{"line":203,"column":null}},"line":130},"4":{"name":"stripTomlComments","decl":{"start":{"line":205,"column":9},"end":{"line":205,"column":27}},"loc":{"start":{"line":205,"column":52},"end":{"line":210,"column":null}},"line":205},"5":{"name":"(anonymous_5)","decl":{"start":{"line":208,"column":5},"end":{"line":208,"column":13}},"loc":{"start":{"line":208,"column":22},"end":{"line":208,"column":55}},"line":208},"6":{"name":"checkWorkerEntry","decl":{"start":{"line":212,"column":9},"end":{"line":212,"column":26}},"loc":{"start":{"line":212,"column":52},"end":{"line":226,"column":null}},"line":212},"7":{"name":"printDiagnostic","decl":{"start":{"line":228,"column":9},"end":{"line":228,"column":null}},"loc":{"start":{"line":231,"column":8},"end":{"line":247,"column":null}},"line":231},"8":{"name":"doctorCommand","decl":{"start":{"line":249,"column":16},"end":{"line":249,"column":41}},"loc":{"start":{"line":249,"column":41},"end":{"line":303,"column":null}},"line":249},"9":{"name":"(anonymous_9)","decl":{"start":{"line":252,"column":6},"end":{"line":252,"column":19}},"loc":{"start":{"line":252,"column":19},"end":{"line":301,"column":3}},"line":252},"10":{"name":"(anonymous_10)","decl":{"start":{"line":282,"column":23},"end":{"line":282,"column":31}},"loc":{"start":{"line":282,"column":37},"end":{"line":282,"column":43}},"line":282},"11":{"name":"(anonymous_11)","decl":{"start":{"line":283,"column":23},"end":{"line":283,"column":31}},"loc":{"start":{"line":283,"column":37},"end":{"line":283,"column":44}},"line":283}},"branchMap":{"0":{"loc":{"start":{"line":15,"column":2},"end":{"line":21,"column":null}},"type":"if","locations":[{"start":{"line":15,"column":2},"end":{"line":21,"column":null}},{"start":{},"end":{}}],"line":15},"1":{"loc":{"start":{"line":27,"column":4},"end":{"line":33,"column":null}},"type":"if","locations":[{"start":{"line":27,"column":4},"end":{"line":33,"column":null}},{"start":{},"end":{}}],"line":27},"2":{"loc":{"start":{"line":38,"column":4},"end":{"line":40,"column":null}},"type":"if","locations":[{"start":{"line":38,"column":4},"end":{"line":40,"column":null}},{"start":{},"end":{}}],"line":38},"3":{"loc":{"start":{"line":58,"column":2},"end":{"line":66,"column":null}},"type":"if","locations":[{"start":{"line":58,"column":2},"end":{"line":66,"column":null}},{"start":{},"end":{}}],"line":58},"4":{"loc":{"start":{"line":72,"column":28},"end":{"line":72,"column":null}},"type":"binary-expr","locations":[{"start":{"line":72,"column":28},"end":{"line":72,"column":54}},{"start":{"line":72,"column":54},"end":{"line":72,"column":null}}],"line":72},"5":{"loc":{"start":{"line":88,"column":6},"end":{"line":96,"column":null}},"type":"if","locations":[{"start":{"line":88,"column":6},"end":{"line":96,"column":null}},{"start":{"line":90,"column":13},"end":{"line":96,"column":null}}],"line":88},"6":{"loc":{"start":{"line":100,"column":20},"end":{"line":100,"column":50}},"type":"binary-expr","locations":[{"start":{"line":100,"column":20},"end":{"line":100,"column":46}},{"start":{"line":100,"column":46},"end":{"line":100,"column":50}}],"line":100},"7":{"loc":{"start":{"line":102,"column":4},"end":{"line":118,"column":null}},"type":"if","locations":[{"start":{"line":102,"column":4},"end":{"line":118,"column":null}},{"start":{"line":107,"column":11},"end":{"line":118,"column":null}}],"line":102},"8":{"loc":{"start":{"line":107,"column":11},"end":{"line":118,"column":null}},"type":"if","locations":[{"start":{"line":107,"column":11},"end":{"line":118,"column":null}},{"start":{"line":113,"column":11},"end":{"line":118,"column":null}}],"line":107},"9":{"loc":{"start":{"line":132,"column":2},"end":{"line":140,"column":null}},"type":"if","locations":[{"start":{"line":132,"column":2},"end":{"line":140,"column":null}},{"start":{},"end":{}}],"line":132},"10":{"loc":{"start":{"line":147,"column":2},"end":{"line":172,"column":null}},"type":"if","locations":[{"start":{"line":147,"column":2},"end":{"line":172,"column":null}},{"start":{"line":167,"column":9},"end":{"line":172,"column":null}}],"line":147},"11":{"loc":{"start":{"line":155,"column":4},"end":{"line":166,"column":null}},"type":"if","locations":[{"start":{"line":155,"column":4},"end":{"line":166,"column":null}},{"start":{"line":160,"column":11},"end":{"line":166,"column":null}}],"line":155},"12":{"loc":{"start":{"line":175,"column":2},"end":{"line":186,"column":null}},"type":"if","locations":[{"start":{"line":175,"column":2},"end":{"line":186,"column":null}},{"start":{"line":180,"column":9},"end":{"line":186,"column":null}}],"line":175},"13":{"loc":{"start":{"line":189,"column":2},"end":{"line":200,"column":null}},"type":"if","locations":[{"start":{"line":189,"column":2},"end":{"line":200,"column":null}},{"start":{"line":194,"column":9},"end":{"line":200,"column":null}}],"line":189},"14":{"loc":{"start":{"line":214,"column":2},"end":{"line":219,"column":null}},"type":"if","locations":[{"start":{"line":214,"column":2},"end":{"line":219,"column":null}},{"start":{},"end":{}}],"line":214},"15":{"loc":{"start":{"line":232,"column":16},"end":{"line":232,"column":null}},"type":"cond-expr","locations":[{"start":{"line":232,"column":45},"end":{"line":232,"column":59}},{"start":{"line":232,"column":59},"end":{"line":232,"column":null}}],"line":232},"16":{"loc":{"start":{"line":237,"column":17},"end":{"line":237,"column":null}},"type":"cond-expr","locations":[{"start":{"line":237,"column":29},"end":{"line":237,"column":45}},{"start":{"line":237,"column":45},"end":{"line":237,"column":null}}],"line":237},"17":{"loc":{"start":{"line":238,"column":18},"end":{"line":238,"column":null}},"type":"cond-expr","locations":[{"start":{"line":238,"column":30},"end":{"line":238,"column":41}},{"start":{"line":238,"column":41},"end":{"line":238,"column":null}}],"line":238},"18":{"loc":{"start":{"line":241,"column":4},"end":{"line":243,"column":null}},"type":"if","locations":[{"start":{"line":241,"column":4},"end":{"line":243,"column":null}},{"start":{},"end":{}}],"line":241},"19":{"loc":{"start":{"line":241,"column":8},"end":{"line":241,"column":32}},"type":"binary-expr","locations":[{"start":{"line":241,"column":8},"end":{"line":241,"column":22}},{"start":{"line":241,"column":22},"end":{"line":241,"column":32}}],"line":241},"20":{"loc":{"start":{"line":285,"column":4},"end":{"line":300,"column":null}},"type":"if","locations":[{"start":{"line":285,"column":4},"end":{"line":300,"column":null}},{"start":{"line":289,"column":11},"end":{"line":300,"column":null}}],"line":285}},"s":{"0":2,"1":2,"2":0,"3":2,"4":2,"5":2,"6":2,"7":0,"8":2,"9":2,"10":2,"11":2,"12":2,"13":0,"14":0,"15":2,"16":2,"17":0,"18":2,"19":2,"20":2,"21":2,"22":2,"23":2,"24":4,"25":4,"26":0,"27":2,"28":2,"29":2,"30":2,"31":0,"32":0,"33":0,"34":0,"35":2,"36":2,"37":2,"38":0,"39":2,"40":2,"41":2,"42":2,"43":0,"44":0,"45":0,"46":0,"47":0,"48":2,"49":2,"50":2,"51":0,"52":2,"53":2,"54":0,"55":2,"56":2,"57":36,"58":2,"59":2,"60":2,"61":0,"62":4,"63":4,"64":4,"65":8,"66":8,"67":8,"68":8,"69":0,"70":4,"71":1,"72":1,"73":1,"74":1,"75":1,"76":1,"77":1,"78":1,"79":1,"80":1,"81":1,"82":1,"83":1,"84":8,"85":1,"86":8,"87":1,"88":1,"89":0,"90":0,"91":1},"f":{"0":2,"1":2,"2":2,"3":2,"4":2,"5":36,"6":2,"7":4,"8":1,"9":1,"10":8,"11":8},"b":{"0":[0,2],"1":[0,2],"2":[2,0],"3":[0,2],"4":[2,0],"5":[4,0],"6":[2,0],"7":[2,0],"8":[0,0],"9":[0,2],"10":[0,2],"11":[0,0],"12":[2,0],"13":[2,0],"14":[2,0],"15":[2,2],"16":[8,0],"17":[8,0],"18":[0,8],"19":[8,0],"20":[1,0]},"meta":{"lastBranch":21,"lastFunction":12,"lastStatement":92,"seen":{"f:13:9:13:27":0,"s:14:8:14:Infinity":0,"b:15:2:21:Infinity:undefined:undefined:undefined:undefined":0,"s:15:2:21:Infinity":1,"s:16:4:20:Infinity":2,"s:23:2:53:Infinity":3,"s:24:16:24:Infinity":4,"s:25:17:25:Infinity":5,"b:27:4:33:Infinity:undefined:undefined:undefined:undefined":1,"s:27:4:33:Infinity":6,"s:28:6:32:Infinity":7,"s:35:25:35:Infinity":8,"s:36:20:36:Infinity":9,"f:36:33:36:41":1,"s:36:49:36:59":10,"b:38:4:40:Infinity:undefined:undefined:undefined:undefined":2,"s:38:4:40:Infinity":11,"s:39:6:39:Infinity":12,"s:42:4:46:Infinity":13,"s:48:4:52:Infinity":14,"f:56:9:56:23":2,"s:57:8:57:Infinity":15,"b:58:2:66:Infinity:undefined:undefined:undefined:undefined":3,"s:58:2:66:Infinity":16,"s:59:4:65:Infinity":17,"s:68:32:68:Infinity":18,"s:70:2:125:Infinity":19,"s:71:19:71:Infinity":20,"s:72:28:72:Infinity":21,"b:72:28:72:54:72:54:72:Infinity":4,"s:74:48:85:Infinity":22,"s:87:4:97:Infinity":23,"b:88:6:96:Infinity:90:13:96:Infinity":5,"s:88:6:96:Infinity":24,"s:89:8:89:Infinity":25,"s:91:8:95:Infinity":26,"s:100:10:100:Infinity":27,"b:100:20:100:46:100:46:100:50":6,"s:101:25:101:Infinity":28,"b:102:4:118:Infinity:107:11:118:Infinity":7,"s:102:4:118:Infinity":29,"s:103:6:106:Infinity":30,"b:107:11:118:Infinity:113:11:118:Infinity":8,"s:107:11:118:Infinity":31,"s:108:6:112:Infinity":32,"s:114:6:117:Infinity":33,"s:120:4:124:Infinity":34,"s:127:2:127:Infinity":35,"f:130:9:130:23":3,"s:131:8:131:Infinity":36,"b:132:2:140:Infinity:undefined:undefined:undefined:undefined":9,"s:132:2:140:Infinity":37,"s:133:4:139:Infinity":38,"s:142:32:142:Infinity":39,"s:143:18:143:Infinity":40,"s:146:23:146:Infinity":41,"b:147:2:172:Infinity:167:9:172:Infinity":10,"s:147:2:172:Infinity":42,"s:148:4:151:Infinity":43,"s:154:29:154:Infinity":44,"b:155:4:166:Infinity:160:11:166:Infinity":11,"s:155:4:166:Infinity":45,"s:156:6:159:Infinity":46,"s:161:6:165:Infinity":47,"s:168:4:171:Infinity":48,"b:175:2:186:Infinity:180:9:186:Infinity":12,"s:175:2:186:Infinity":49,"s:176:4:179:Infinity":50,"s:181:4:185:Infinity":51,"b:189:2:200:Infinity:194:9:200:Infinity":13,"s:189:2:200:Infinity":52,"s:190:4:193:Infinity":53,"s:195:4:199:Infinity":54,"s:202:2:202:Infinity":55,"f:205:9:205:27":4,"s:206:2:209:Infinity":56,"f:208:5:208:13":5,"s:208:22:208:55":57,"f:212:9:212:26":6,"s:213:8:213:Infinity":58,"b:214:2:219:Infinity:undefined:undefined:undefined:undefined":14,"s:214:2:219:Infinity":59,"s:215:4:218:Infinity":60,"s:221:2:225:Infinity":61,"f:228:9:228:Infinity":7,"s:232:16:232:Infinity":62,"b:232:45:232:59:232:59:232:Infinity":15,"s:234:2:234:Infinity":63,"s:236:2:244:Infinity":64,"s:237:17:237:Infinity":65,"b:237:29:237:45:237:45:237:Infinity":16,"s:238:18:238:Infinity":66,"b:238:30:238:41:238:41:238:Infinity":17,"s:239:4:239:Infinity":67,"b:241:4:243:Infinity:undefined:undefined:undefined:undefined":18,"s:241:4:243:Infinity":68,"b:241:8:241:22:241:22:241:32":19,"s:242:6:242:Infinity":69,"s:246:2:246:Infinity":70,"f:249:16:249:41":8,"s:250:14:250:Infinity":71,"s:251:2:251:Infinity":72,"s:252:2:301:Infinity":73,"f:252:6:252:19":9,"s:253:4:253:Infinity":74,"s:255:10:255:Infinity":75,"s:256:10:256:Infinity":76,"s:258:4:260:Infinity":77,"s:263:4:263:Infinity":78,"s:266:4:266:Infinity":79,"s:269:4:269:Infinity":80,"s:272:4:272:Infinity":81,"s:275:30:280:Infinity":82,"s:282:19:282:Infinity":83,"f:282:23:282:31":10,"s:282:37:282:43":84,"s:283:19:283:Infinity":85,"f:283:23:283:31":11,"s:283:37:283:44":86,"b:285:4:300:Infinity:289:11:300:Infinity":20,"s:285:4:300:Infinity":87,"s:286:6:288:Infinity":88,"s:290:6:294:Infinity":89,"s:295:6:299:Infinity":90,"s:302:2:302:Infinity":91},"fnNames":{}}}
,"/Users/c3p0/Documents/repositories/varbyte/nest-worker/cli/src/commands/info.command.ts": {"path":"/Users/c3p0/Documents/repositories/varbyte/nest-worker/cli/src/commands/info.command.ts","statementMap":{"0":{"start":{"line":9,"column":8},"end":{"line":9,"column":null}},"1":{"start":{"line":10,"column":8},"end":{"line":10,"column":null}},"2":{"start":{"line":11,"column":2},"end":{"line":17,"column":null}},"3":{"start":{"line":12,"column":4},"end":{"line":16,"column":null}},"4":{"start":{"line":13,"column":6},"end":{"line":13,"column":null}},"5":{"start":{"line":18,"column":2},"end":{"line":18,"column":null}},"6":{"start":{"line":22,"column":8},"end":{"line":28,"column":null}},"7":{"start":{"line":29,"column":2},"end":{"line":35,"column":null}},"8":{"start":{"line":30,"column":4},"end":{"line":34,"column":null}},"9":{"start":{"line":31,"column":6},"end":{"line":31,"column":null}},"10":{"start":{"line":36,"column":2},"end":{"line":36,"column":null}},"11":{"start":{"line":40,"column":14},"end":{"line":40,"column":null}},"12":{"start":{"line":41,"column":2},"end":{"line":41,"column":null}},"13":{"start":{"line":42,"column":2},"end":{"line":88,"column":null}},"14":{"start":{"line":43,"column":4},"end":{"line":43,"column":null}},"15":{"start":{"line":45,"column":23},"end":{"line":45,"column":null}},"16":{"start":{"line":46,"column":4},"end":{"line":46,"column":null}},"17":{"start":{"line":48,"column":10},"end":{"line":48,"column":null}},"18":{"start":{"line":49,"column":10},"end":{"line":49,"column":null}},"19":{"start":{"line":52,"column":4},"end":{"line":57,"column":null}},"20":{"start":{"line":53,"column":18},"end":{"line":53,"column":null}},"21":{"start":{"line":54,"column":6},"end":{"line":54,"column":null}},"22":{"start":{"line":56,"column":6},"end":{"line":56,"column":null}},"23":{"start":{"line":58,"column":4},"end":{"line":58,"column":null}},"24":{"start":{"line":59,"column":4},"end":{"line":59,"column":null}},"25":{"start":{"line":60,"column":4},"end":{"line":60,"column":null}},"26":{"start":{"line":61,"column":4},"end":{"line":63,"column":null}},"27":{"start":{"line":64,"column":4},"end":{"line":66,"column":null}},"28":{"start":{"line":68,"column":4},"end":{"line":68,"column":null}},"29":{"start":{"line":69,"column":4},"end":{"line":69,"column":null}},"30":{"start":{"line":70,"column":4},"end":{"line":72,"column":null}},"31":{"start":{"line":73,"column":4},"end":{"line":75,"column":null}},"32":{"start":{"line":76,"column":4},"end":{"line":78,"column":null}},"33":{"start":{"line":79,"column":4},"end":{"line":81,"column":null}},"34":{"start":{"line":83,"column":4},"end":{"line":87,"column":null}},"35":{"start":{"line":89,"column":2},"end":{"line":89,"column":null}}},"fnMap":{"0":{"name":"getCliVersion","decl":{"start":{"line":8,"column":9},"end":{"line":8,"column":33}},"loc":{"start":{"line":8,"column":33},"end":{"line":19,"column":null}},"line":8},"1":{"name":"getFrameworkVersion","decl":{"start":{"line":21,"column":9},"end":{"line":21,"column":29}},"loc":{"start":{"line":21,"column":65},"end":{"line":37,"column":null}},"line":21},"2":{"name":"infoCommand","decl":{"start":{"line":39,"column":16},"end":{"line":39,"column":39}},"loc":{"start":{"line":39,"column":39},"end":{"line":90,"column":null}},"line":39},"3":{"name":"(anonymous_3)","decl":{"start":{"line":42,"column":6},"end":{"line":42,"column":19}},"loc":{"start":{"line":42,"column":19},"end":{"line":88,"column":3}},"line":42}},"branchMap":{"0":{"loc":{"start":{"line":11,"column":2},"end":{"line":17,"column":null}},"type":"if","locations":[{"start":{"line":11,"column":2},"end":{"line":17,"column":null}},{"start":{},"end":{}}],"line":11},"1":{"loc":{"start":{"line":13,"column":13},"end":{"line":13,"column":null}},"type":"binary-expr","locations":[{"start":{"line":13,"column":13},"end":{"line":13,"column":67}},{"start":{"line":13,"column":67},"end":{"line":13,"column":null}}],"line":13},"2":{"loc":{"start":{"line":29,"column":2},"end":{"line":35,"column":null}},"type":"if","locations":[{"start":{"line":29,"column":2},"end":{"line":35,"column":null}},{"start":{},"end":{}}],"line":29},"3":{"loc":{"start":{"line":31,"column":13},"end":{"line":31,"column":null}},"type":"binary-expr","locations":[{"start":{"line":31,"column":13},"end":{"line":31,"column":69}},{"start":{"line":31,"column":69},"end":{"line":31,"column":null}}],"line":31},"4":{"loc":{"start":{"line":52,"column":4},"end":{"line":57,"column":null}},"type":"if","locations":[{"start":{"line":52,"column":4},"end":{"line":57,"column":null}},{"start":{"line":55,"column":11},"end":{"line":57,"column":null}}],"line":52},"5":{"loc":{"start":{"line":54,"column":18},"end":{"line":54,"column":null}},"type":"cond-expr","locations":[{"start":{"line":54,"column":33},"end":{"line":54,"column":49}},{"start":{"line":54,"column":49},"end":{"line":54,"column":null}}],"line":54},"6":{"loc":{"start":{"line":65,"column":50},"end":{"line":65,"column":84}},"type":"binary-expr","locations":[{"start":{"line":65,"column":50},"end":{"line":65,"column":73}},{"start":{"line":65,"column":73},"end":{"line":65,"column":84}}],"line":65},"7":{"loc":{"start":{"line":71,"column":44},"end":{"line":71,"column":null}},"type":"cond-expr","locations":[{"start":{"line":71,"column":69},"end":{"line":71,"column":85}},{"start":{"line":71,"column":85},"end":{"line":71,"column":null}}],"line":71},"8":{"loc":{"start":{"line":74,"column":44},"end":{"line":74,"column":null}},"type":"cond-expr","locations":[{"start":{"line":74,"column":66},"end":{"line":74,"column":82}},{"start":{"line":74,"column":82},"end":{"line":74,"column":null}}],"line":74},"9":{"loc":{"start":{"line":77,"column":44},"end":{"line":77,"column":null}},"type":"cond-expr","locations":[{"start":{"line":77,"column":66},"end":{"line":77,"column":82}},{"start":{"line":77,"column":82},"end":{"line":77,"column":null}}],"line":77},"10":{"loc":{"start":{"line":80,"column":44},"end":{"line":80,"column":null}},"type":"cond-expr","locations":[{"start":{"line":80,"column":69},"end":{"line":80,"column":85}},{"start":{"line":80,"column":85},"end":{"line":80,"column":null}}],"line":80}},"s":{"0":1,"1":1,"2":1,"3":1,"4":1,"5":0,"6":1,"7":1,"8":0,"9":0,"10":1,"11":1,"12":1,"13":1,"14":1,"15":1,"16":1,"17":1,"18":1,"19":1,"20":1,"21":1,"22":0,"23":1,"24":1,"25":1,"26":1,"27":1,"28":1,"29":1,"30":1,"31":1,"32":1,"33":1,"34":1,"35":1},"f":{"0":1,"1":1,"2":1,"3":1},"b":{"0":[1,0],"1":[1,0],"2":[0,1],"3":[0,0],"4":[1,0],"5":[0,1],"6":[1,0],"7":[1,0],"8":[1,0],"9":[1,0],"10":[1,0]},"meta":{"lastBranch":11,"lastFunction":4,"lastStatement":36,"seen":{"f:8:9:8:33":0,"s:9:8:9:Infinity":0,"s:10:8:10:Infinity":1,"b:11:2:17:Infinity:undefined:undefined:undefined:undefined":0,"s:11:2:17:Infinity":2,"s:12:4:16:Infinity":3,"s:13:6:13:Infinity":4,"b:13:13:13:67:13:67:13:Infinity":1,"s:18:2:18:Infinity":5,"f:21:9:21:29":1,"s:22:8:28:Infinity":6,"b:29:2:35:Infinity:undefined:undefined:undefined:undefined":2,"s:29:2:35:Infinity":7,"s:30:4:34:Infinity":8,"s:31:6:31:Infinity":9,"b:31:13:31:69:31:69:31:Infinity":3,"s:36:2:36:Infinity":10,"f:39:16:39:39":2,"s:40:14:40:Infinity":11,"s:41:2:41:Infinity":12,"s:42:2:88:Infinity":13,"f:42:6:42:19":3,"s:43:4:43:Infinity":14,"s:45:23:45:Infinity":15,"s:46:4:46:Infinity":16,"s:48:10:48:Infinity":17,"s:49:10:49:Infinity":18,"b:52:4:57:Infinity:55:11:57:Infinity":4,"s:52:4:57:Infinity":19,"s:53:18:53:Infinity":20,"s:54:6:54:Infinity":21,"b:54:33:54:49:54:49:54:Infinity":5,"s:56:6:56:Infinity":22,"s:58:4:58:Infinity":23,"s:59:4:59:Infinity":24,"s:60:4:60:Infinity":25,"s:61:4:63:Infinity":26,"s:64:4:66:Infinity":27,"b:65:50:65:73:65:73:65:84":6,"s:68:4:68:Infinity":28,"s:69:4:69:Infinity":29,"s:70:4:72:Infinity":30,"b:71:69:71:85:71:85:71:Infinity":7,"s:73:4:75:Infinity":31,"b:74:66:74:82:74:82:74:Infinity":8,"s:76:4:78:Infinity":32,"b:77:66:77:82:77:82:77:Infinity":9,"s:79:4:81:Infinity":33,"b:80:69:80:85:80:85:80:Infinity":10,"s:83:4:87:Infinity":34,"s:89:2:89:Infinity":35},"fnNames":{}}}
,"/Users/c3p0/Documents/repositories/varbyte/nest-worker/cli/src/commands/list.command.ts": {"path":"/Users/c3p0/Documents/repositories/varbyte/nest-worker/cli/src/commands/list.command.ts","statementMap":{"0":{"start":{"line":14,"column":8},"end":{"line":14,"column":null}},"1":{"start":{"line":15,"column":2},"end":{"line":15,"column":null}},"2":{"start":{"line":15,"column":31},"end":{"line":15,"column":null}},"3":{"start":{"line":17,"column":8},"end":{"line":17,"column":null}},"4":{"start":{"line":18,"column":35},"end":{"line":18,"column":null}},"5":{"start":{"line":20,"column":2},"end":{"line":35,"column":null}},"6":{"start":{"line":21,"column":4},"end":{"line":21,"column":null}},"7":{"start":{"line":21,"column":60},"end":{"line":21,"column":null}},"8":{"start":{"line":23,"column":10},"end":{"line":23,"column":null}},"9":{"start":{"line":24,"column":10},"end":{"line":26,"column":null}},"10":{"start":{"line":25,"column":13},"end":{"line":25,"column":null}},"11":{"start":{"line":28,"column":4},"end":{"line":34,"column":null}},"12":{"start":{"line":29,"column":6},"end":{"line":33,"column":null}},"13":{"start":{"line":37,"column":2},"end":{"line":37,"column":null}},"14":{"start":{"line":41,"column":8},"end":{"line":41,"column":null}},"15":{"start":{"line":42,"column":2},"end":{"line":42,"column":null}},"16":{"start":{"line":42,"column":30},"end":{"line":42,"column":null}},"17":{"start":{"line":44,"column":18},"end":{"line":44,"column":null}},"18":{"start":{"line":45,"column":37},"end":{"line":45,"column":null}},"19":{"start":{"line":47,"column":2},"end":{"line":68,"column":null}},"20":{"start":{"line":48,"column":10},"end":{"line":48,"column":null}},"21":{"start":{"line":49,"column":4},"end":{"line":49,"column":null}},"22":{"start":{"line":49,"column":31},"end":{"line":49,"column":null}},"23":{"start":{"line":51,"column":10},"end":{"line":53,"column":null}},"24":{"start":{"line":52,"column":13},"end":{"line":52,"column":null}},"25":{"start":{"line":55,"column":4},"end":{"line":67,"column":null}},"26":{"start":{"line":56,"column":6},"end":{"line":66,"column":null}},"27":{"start":{"line":70,"column":2},"end":{"line":70,"column":null}},"28":{"start":{"line":73,"column":73},"end":{"line":79,"column":null}},"29":{"start":{"line":81,"column":58},"end":{"line":87,"column":null}},"30":{"start":{"line":94,"column":2},"end":{"line":97,"column":null}},"31":{"start":{"line":95,"column":4},"end":{"line":95,"column":null}},"32":{"start":{"line":96,"column":4},"end":{"line":96,"column":null}},"33":{"start":{"line":99,"column":2},"end":{"line":122,"column":null}},"34":{"start":{"line":100,"column":19},"end":{"line":100,"column":null}},"35":{"start":{"line":101,"column":19},"end":{"line":101,"column":null}},"36":{"start":{"line":102,"column":18},"end":{"line":102,"column":null}},"37":{"start":{"line":103,"column":22},"end":{"line":103,"column":null}},"38":{"start":{"line":105,"column":4},"end":{"line":107,"column":null}},"39":{"start":{"line":109,"column":4},"end":{"line":116,"column":null}},"40":{"start":{"line":110,"column":25},"end":{"line":110,"column":null}},"41":{"start":{"line":111,"column":25},"end":{"line":113,"column":null}},"42":{"start":{"line":114,"column":21},"end":{"line":114,"column":null}},"43":{"start":{"line":115,"column":6},"end":{"line":115,"column":null}},"44":{"start":{"line":118,"column":4},"end":{"line":121,"column":null}},"45":{"start":{"line":120,"column":6},"end":{"line":120,"column":null}},"46":{"start":{"line":126,"column":14},"end":{"line":126,"column":null}},"47":{"start":{"line":127,"column":2},"end":{"line":127,"column":null}},"48":{"start":{"line":128,"column":2},"end":{"line":170,"column":null}},"49":{"start":{"line":129,"column":10},"end":{"line":129,"column":null}},"50":{"start":{"line":130,"column":10},"end":{"line":130,"column":null}},"51":{"start":{"line":132,"column":4},"end":{"line":142,"column":null}},"52":{"start":{"line":133,"column":6},"end":{"line":135,"column":null}},"53":{"start":{"line":136,"column":6},"end":{"line":140,"column":null}},"54":{"start":{"line":141,"column":6},"end":{"line":141,"column":null}},"55":{"start":{"line":144,"column":4},"end":{"line":144,"column":null}},"56":{"start":{"line":146,"column":20},"end":{"line":146,"column":null}},"57":{"start":{"line":147,"column":19},"end":{"line":147,"column":null}},"58":{"start":{"line":149,"column":4},"end":{"line":157,"column":null}},"59":{"start":{"line":150,"column":6},"end":{"line":150,"column":null}},"60":{"start":{"line":151,"column":6},"end":{"line":155,"column":null}},"61":{"start":{"line":156,"column":6},"end":{"line":156,"column":null}},"62":{"start":{"line":159,"column":4},"end":{"line":163,"column":null}},"63":{"start":{"line":160,"column":6},"end":{"line":160,"column":null}},"64":{"start":{"line":161,"column":6},"end":{"line":161,"column":null}},"65":{"start":{"line":162,"column":6},"end":{"line":162,"column":null}},"66":{"start":{"line":165,"column":4},"end":{"line":169,"column":null}},"67":{"start":{"line":166,"column":6},"end":{"line":166,"column":null}},"68":{"start":{"line":167,"column":6},"end":{"line":167,"column":null}},"69":{"start":{"line":168,"column":6},"end":{"line":168,"column":null}},"70":{"start":{"line":171,"column":2},"end":{"line":171,"column":null}}},"fnMap":{"0":{"name":"scanModules","decl":{"start":{"line":13,"column":9},"end":{"line":13,"column":21}},"loc":{"start":{"line":13,"column":51},"end":{"line":38,"column":null}},"line":13},"1":{"name":"(anonymous_1)","decl":{"start":{"line":24,"column":42},"end":{"line":24,"column":null}},"loc":{"start":{"line":25,"column":13},"end":{"line":25,"column":null}},"line":25},"2":{"name":"scanCommon","decl":{"start":{"line":40,"column":9},"end":{"line":40,"column":20}},"loc":{"start":{"line":40,"column":50},"end":{"line":71,"column":null}},"line":40},"3":{"name":"(anonymous_3)","decl":{"start":{"line":51,"column":40},"end":{"line":51,"column":null}},"loc":{"start":{"line":52,"column":13},"end":{"line":52,"column":null}},"line":52},"4":{"name":"printTree","decl":{"start":{"line":89,"column":9},"end":{"line":89,"column":null}},"loc":{"start":{"line":93,"column":8},"end":{"line":123,"column":null}},"line":93},"5":{"name":"listCommand","decl":{"start":{"line":125,"column":16},"end":{"line":125,"column":39}},"loc":{"start":{"line":125,"column":39},"end":{"line":172,"column":null}},"line":125},"6":{"name":"(anonymous_6)","decl":{"start":{"line":128,"column":6},"end":{"line":128,"column":19}},"loc":{"start":{"line":128,"column":19},"end":{"line":170,"column":3}},"line":128}},"branchMap":{"0":{"loc":{"start":{"line":15,"column":2},"end":{"line":15,"column":null}},"type":"if","locations":[{"start":{"line":15,"column":2},"end":{"line":15,"column":null}},{"start":{},"end":{}}],"line":15},"1":{"loc":{"start":{"line":21,"column":4},"end":{"line":21,"column":null}},"type":"if","locations":[{"start":{"line":21,"column":4},"end":{"line":21,"column":null}},{"start":{},"end":{}}],"line":21},"2":{"loc":{"start":{"line":21,"column":8},"end":{"line":21,"column":60}},"type":"binary-expr","locations":[{"start":{"line":21,"column":8},"end":{"line":21,"column":32}},{"start":{"line":21,"column":32},"end":{"line":21,"column":60}}],"line":21},"3":{"loc":{"start":{"line":25,"column":13},"end":{"line":25,"column":null}},"type":"binary-expr","locations":[{"start":{"line":25,"column":13},"end":{"line":25,"column":34}},{"start":{"line":25,"column":34},"end":{"line":25,"column":null}}],"line":25},"4":{"loc":{"start":{"line":28,"column":4},"end":{"line":34,"column":null}},"type":"if","locations":[{"start":{"line":28,"column":4},"end":{"line":34,"column":null}},{"start":{},"end":{}}],"line":28},"5":{"loc":{"start":{"line":42,"column":2},"end":{"line":42,"column":null}},"type":"if","locations":[{"start":{"line":42,"column":2},"end":{"line":42,"column":null}},{"start":{},"end":{}}],"line":42},"6":{"loc":{"start":{"line":49,"column":4},"end":{"line":49,"column":null}},"type":"if","locations":[{"start":{"line":49,"column":4},"end":{"line":49,"column":null}},{"start":{},"end":{}}],"line":49},"7":{"loc":{"start":{"line":52,"column":13},"end":{"line":52,"column":null}},"type":"binary-expr","locations":[{"start":{"line":52,"column":13},"end":{"line":52,"column":34}},{"start":{"line":52,"column":34},"end":{"line":52,"column":null}}],"line":52},"8":{"loc":{"start":{"line":55,"column":4},"end":{"line":67,"column":null}},"type":"if","locations":[{"start":{"line":55,"column":4},"end":{"line":67,"column":null}},{"start":{},"end":{}}],"line":55},"9":{"loc":{"start":{"line":58,"column":14},"end":{"line":64,"column":null}},"type":"cond-expr","locations":[{"start":{"line":59,"column":12},"end":{"line":59,"column":null}},{"start":{"line":60,"column":12},"end":{"line":64,"column":null}}],"line":58},"10":{"loc":{"start":{"line":60,"column":12},"end":{"line":64,"column":null}},"type":"cond-expr","locations":[{"start":{"line":61,"column":14},"end":{"line":61,"column":null}},{"start":{"line":62,"column":14},"end":{"line":64,"column":null}}],"line":60},"11":{"loc":{"start":{"line":62,"column":14},"end":{"line":64,"column":null}},"type":"cond-expr","locations":[{"start":{"line":63,"column":16},"end":{"line":63,"column":null}},{"start":{"line":64,"column":16},"end":{"line":64,"column":null}}],"line":62},"12":{"loc":{"start":{"line":94,"column":2},"end":{"line":97,"column":null}},"type":"if","locations":[{"start":{"line":94,"column":2},"end":{"line":97,"column":null}},{"start":{},"end":{}}],"line":94},"13":{"loc":{"start":{"line":101,"column":19},"end":{"line":101,"column":null}},"type":"cond-expr","locations":[{"start":{"line":101,"column":28},"end":{"line":101,"column":37}},{"start":{"line":101,"column":37},"end":{"line":101,"column":null}}],"line":101},"14":{"loc":{"start":{"line":111,"column":25},"end":{"line":113,"column":null}},"type":"cond-expr","locations":[{"start":{"line":112,"column":10},"end":{"line":112,"column":null}},{"start":{"line":113,"column":10},"end":{"line":113,"column":null}}],"line":111},"15":{"loc":{"start":{"line":114,"column":21},"end":{"line":114,"column":null}},"type":"cond-expr","locations":[{"start":{"line":114,"column":34},"end":{"line":114,"column":41}},{"start":{"line":114,"column":41},"end":{"line":114,"column":null}}],"line":114},"16":{"loc":{"start":{"line":118,"column":4},"end":{"line":121,"column":null}},"type":"if","locations":[{"start":{"line":118,"column":4},"end":{"line":121,"column":null}},{"start":{},"end":{}}],"line":118},"17":{"loc":{"start":{"line":132,"column":4},"end":{"line":142,"column":null}},"type":"if","locations":[{"start":{"line":132,"column":4},"end":{"line":142,"column":null}},{"start":{},"end":{}}],"line":132},"18":{"loc":{"start":{"line":149,"column":4},"end":{"line":157,"column":null}},"type":"if","locations":[{"start":{"line":149,"column":4},"end":{"line":157,"column":null}},{"start":{},"end":{}}],"line":149},"19":{"loc":{"start":{"line":149,"column":8},"end":{"line":149,"column":53}},"type":"binary-expr","locations":[{"start":{"line":149,"column":8},"end":{"line":149,"column":32}},{"start":{"line":149,"column":32},"end":{"line":149,"column":53}}],"line":149},"20":{"loc":{"start":{"line":159,"column":4},"end":{"line":163,"column":null}},"type":"if","locations":[{"start":{"line":159,"column":4},"end":{"line":163,"column":null}},{"start":{},"end":{}}],"line":159},"21":{"loc":{"start":{"line":165,"column":4},"end":{"line":169,"column":null}},"type":"if","locations":[{"start":{"line":165,"column":4},"end":{"line":169,"column":null}},{"start":{},"end":{}}],"line":165}},"s":{"0":1,"1":1,"2":0,"3":1,"4":1,"5":1,"6":4,"7":0,"8":4,"9":4,"10":10,"11":4,"12":4,"13":1,"14":1,"15":1,"16":0,"17":1,"18":1,"19":1,"20":4,"21":4,"22":0,"23":4,"24":6,"25":4,"26":4,"27":1,"28":1,"29":1,"30":2,"31":0,"32":0,"33":2,"34":8,"35":8,"36":8,"37":8,"38":8,"39":8,"40":15,"41":15,"42":15,"43":15,"44":8,"45":6,"46":1,"47":1,"48":1,"49":1,"50":1,"51":1,"52":0,"53":0,"54":0,"55":1,"56":1,"57":1,"58":1,"59":0,"60":0,"61":0,"62":1,"63":1,"64":1,"65":1,"66":1,"67":1,"68":1,"69":1,"70":1},"f":{"0":1,"1":10,"2":1,"3":6,"4":2,"5":1,"6":1},"b":{"0":[0,1],"1":[0,4],"2":[4,4],"3":[10,9],"4":[4,0],"5":[0,1],"6":[0,4],"7":[6,6],"8":[4,0],"9":[1,3],"10":[1,2],"11":[1,1],"12":[0,2],"13":[2,6],"14":[3,12],"15":[8,7],"16":[6,2],"17":[0,1],"18":[0,1],"19":[1,0],"20":[1,0],"21":[1,0]},"meta":{"lastBranch":22,"lastFunction":7,"lastStatement":71,"seen":{"f:13:9:13:21":0,"s:14:8:14:Infinity":0,"b:15:2:15:Infinity:undefined:undefined:undefined:undefined":0,"s:15:2:15:Infinity":1,"s:15:31:15:Infinity":2,"s:17:8:17:Infinity":3,"s:18:35:18:Infinity":4,"s:20:2:35:Infinity":5,"b:21:4:21:Infinity:undefined:undefined:undefined:undefined":1,"s:21:4:21:Infinity":6,"b:21:8:21:32:21:32:21:60":2,"s:21:60:21:Infinity":7,"s:23:10:23:Infinity":8,"s:24:10:26:Infinity":9,"f:24:42:24:Infinity":1,"s:25:13:25:Infinity":10,"b:25:13:25:34:25:34:25:Infinity":3,"b:28:4:34:Infinity:undefined:undefined:undefined:undefined":4,"s:28:4:34:Infinity":11,"s:29:6:33:Infinity":12,"s:37:2:37:Infinity":13,"f:40:9:40:20":2,"s:41:8:41:Infinity":14,"b:42:2:42:Infinity:undefined:undefined:undefined:undefined":5,"s:42:2:42:Infinity":15,"s:42:30:42:Infinity":16,"s:44:18:44:Infinity":17,"s:45:37:45:Infinity":18,"s:47:2:68:Infinity":19,"s:48:10:48:Infinity":20,"b:49:4:49:Infinity:undefined:undefined:undefined:undefined":6,"s:49:4:49:Infinity":21,"s:49:31:49:Infinity":22,"s:51:10:53:Infinity":23,"f:51:40:51:Infinity":3,"s:52:13:52:Infinity":24,"b:52:13:52:34:52:34:52:Infinity":7,"b:55:4:67:Infinity:undefined:undefined:undefined:undefined":8,"s:55:4:67:Infinity":25,"s:56:6:66:Infinity":26,"b:59:12:59:Infinity:60:12:64:Infinity":9,"b:61:14:61:Infinity:62:14:64:Infinity":10,"b:63:16:63:Infinity:64:16:64:Infinity":11,"s:70:2:70:Infinity":27,"s:73:73:79:Infinity":28,"s:81:58:87:Infinity":29,"f:89:9:89:Infinity":4,"b:94:2:97:Infinity:undefined:undefined:undefined:undefined":12,"s:94:2:97:Infinity":30,"s:95:4:95:Infinity":31,"s:96:4:96:Infinity":32,"s:99:2:122:Infinity":33,"s:100:19:100:Infinity":34,"s:101:19:101:Infinity":35,"b:101:28:101:37:101:37:101:Infinity":13,"s:102:18:102:Infinity":36,"s:103:22:103:Infinity":37,"s:105:4:107:Infinity":38,"s:109:4:116:Infinity":39,"s:110:25:110:Infinity":40,"s:111:25:113:Infinity":41,"b:112:10:112:Infinity:113:10:113:Infinity":14,"s:114:21:114:Infinity":42,"b:114:34:114:41:114:41:114:Infinity":15,"s:115:6:115:Infinity":43,"b:118:4:121:Infinity:undefined:undefined:undefined:undefined":16,"s:118:4:121:Infinity":44,"s:120:6:120:Infinity":45,"f:125:16:125:39":5,"s:126:14:126:Infinity":46,"s:127:2:127:Infinity":47,"s:128:2:170:Infinity":48,"f:128:6:128:19":6,"s:129:10:129:Infinity":49,"s:130:10:130:Infinity":50,"b:132:4:142:Infinity:undefined:undefined:undefined:undefined":17,"s:132:4:142:Infinity":51,"s:133:6:135:Infinity":52,"s:136:6:140:Infinity":53,"s:141:6:141:Infinity":54,"s:144:4:144:Infinity":55,"s:146:20:146:Infinity":56,"s:147:19:147:Infinity":57,"b:149:4:157:Infinity:undefined:undefined:undefined:undefined":18,"s:149:4:157:Infinity":58,"b:149:8:149:32:149:32:149:53":19,"s:150:6:150:Infinity":59,"s:151:6:155:Infinity":60,"s:156:6:156:Infinity":61,"b:159:4:163:Infinity:undefined:undefined:undefined:undefined":20,"s:159:4:163:Infinity":62,"s:160:6:160:Infinity":63,"s:161:6:161:Infinity":64,"s:162:6:162:Infinity":65,"b:165:4:169:Infinity:undefined:undefined:undefined:undefined":21,"s:165:4:169:Infinity":66,"s:166:6:166:Infinity":67,"s:167:6:167:Infinity":68,"s:168:6:168:Infinity":69,"s:171:2:171:Infinity":70},"fnNames":{}}}
,"/Users/c3p0/Documents/repositories/varbyte/nest-worker/cli/src/commands/new.command.ts": {"path":"/Users/c3p0/Documents/repositories/varbyte/nest-worker/cli/src/commands/new.command.ts","statementMap":{"0":{"start":{"line":10,"column":14},"end":{"line":10,"column":null}},"1":{"start":{"line":11,"column":2},"end":{"line":89,"column":null}},"2":{"start":{"line":18,"column":12},"end":{"line":18,"column":null}},"3":{"start":{"line":21,"column":6},"end":{"line":24,"column":null}},"4":{"start":{"line":22,"column":8},"end":{"line":22,"column":null}},"5":{"start":{"line":23,"column":8},"end":{"line":23,"column":null}},"6":{"start":{"line":26,"column":12},"end":{"line":26,"column":null}},"7":{"start":{"line":28,"column":6},"end":{"line":32,"column":null}},"8":{"start":{"line":35,"column":19},"end":{"line":42,"column":null}},"9":{"start":{"line":43,"column":6},"end":{"line":43,"column":null}},"10":{"start":{"line":43,"column":28},"end":{"line":43,"column":null}},"11":{"start":{"line":46,"column":45},"end":{"line":61,"column":null}},"12":{"start":{"line":63,"column":6},"end":{"line":67,"column":null}},"13":{"start":{"line":64,"column":14},"end":{"line":64,"column":null}},"14":{"start":{"line":65,"column":8},"end":{"line":65,"column":null}},"15":{"start":{"line":66,"column":8},"end":{"line":66,"column":null}},"16":{"start":{"line":70,"column":6},"end":{"line":79,"column":null}},"17":{"start":{"line":71,"column":8},"end":{"line":78,"column":null}},"18":{"start":{"line":72,"column":10},"end":{"line":72,"column":null}},"19":{"start":{"line":73,"column":10},"end":{"line":73,"column":null}},"20":{"start":{"line":75,"column":10},"end":{"line":77,"column":null}},"21":{"start":{"line":81,"column":6},"end":{"line":83,"column":null}},"22":{"start":{"line":84,"column":6},"end":{"line":84,"column":null}},"23":{"start":{"line":85,"column":6},"end":{"line":85,"column":null}},"24":{"start":{"line":86,"column":6},"end":{"line":86,"column":null}},"25":{"start":{"line":87,"column":6},"end":{"line":87,"column":null}},"26":{"start":{"line":88,"column":6},"end":{"line":88,"column":null}},"27":{"start":{"line":90,"column":2},"end":{"line":90,"column":null}},"28":{"start":{"line":96,"column":2},"end":{"line":124,"column":null}},"29":{"start":{"line":128,"column":2},"end":{"line":128,"column":null}},"30":{"start":{"line":136,"column":2},"end":{"line":157,"column":null}},"31":{"start":{"line":161,"column":2},"end":{"line":169,"column":null}},"32":{"start":{"line":179,"column":2},"end":{"line":179,"column":null}},"33":{"start":{"line":188,"column":2},"end":{"line":188,"column":null}},"34":{"start":{"line":203,"column":2},"end":{"line":203,"column":null}},"35":{"start":{"line":216,"column":2},"end":{"line":216,"column":null}},"36":{"start":{"line":232,"column":2},"end":{"line":232,"column":null}},"37":{"start":{"line":244,"column":2},"end":{"line":244,"column":null}},"38":{"start":{"line":260,"column":2},"end":{"line":260,"column":null}},"39":{"start":{"line":276,"column":2},"end":{"line":276,"column":null}},"40":{"start":{"line":288,"column":2},"end":{"line":288,"column":null}}},"fnMap":{"0":{"name":"newCommand","decl":{"start":{"line":9,"column":16},"end":{"line":9,"column":38}},"loc":{"start":{"line":9,"column":38},"end":{"line":91,"column":null}},"line":9},"1":{"name":"(anonymous_1)","decl":{"start":{"line":17,"column":12},"end":{"line":17,"column":19}},"loc":{"start":{"line":17,"column":64},"end":{"line":89,"column":5}},"line":17},"2":{"name":"packageJson","decl":{"start":{"line":95,"column":9},"end":{"line":95,"column":21}},"loc":{"start":{"line":95,"column":62},"end":{"line":125,"column":null}},"line":95},"3":{"name":"pnpmWorkspaceYaml","decl":{"start":{"line":127,"column":9},"end":{"line":127,"column":37}},"loc":{"start":{"line":127,"column":37},"end":{"line":133,"column":null}},"line":127},"4":{"name":"tsconfigJson","decl":{"start":{"line":135,"column":9},"end":{"line":135,"column":32}},"loc":{"start":{"line":135,"column":32},"end":{"line":158,"column":null}},"line":135},"5":{"name":"wranglerToml","decl":{"start":{"line":160,"column":9},"end":{"line":160,"column":22}},"loc":{"start":{"line":160,"column":63},"end":{"line":176,"column":null}},"line":160},"6":{"name":"gitignore","decl":{"start":{"line":178,"column":9},"end":{"line":178,"column":29}},"loc":{"start":{"line":178,"column":29},"end":{"line":185,"column":null}},"line":178},"7":{"name":"workerTs","decl":{"start":{"line":187,"column":9},"end":{"line":187,"column":28}},"loc":{"start":{"line":187,"column":28},"end":{"line":200,"column":null}},"line":187},"8":{"name":"appModuleTs","decl":{"start":{"line":202,"column":9},"end":{"line":202,"column":31}},"loc":{"start":{"line":202,"column":31},"end":{"line":213,"column":null}},"line":202},"9":{"name":"appControllerTs","decl":{"start":{"line":215,"column":9},"end":{"line":215,"column":35}},"loc":{"start":{"line":215,"column":35},"end":{"line":229,"column":null}},"line":215},"10":{"name":"appServiceTs","decl":{"start":{"line":231,"column":9},"end":{"line":231,"column":32}},"loc":{"start":{"line":231,"column":32},"end":{"line":241,"column":null}},"line":231},"11":{"name":"healthControllerTs","decl":{"start":{"line":243,"column":9},"end":{"line":243,"column":38}},"loc":{"start":{"line":243,"column":38},"end":{"line":257,"column":null}},"line":243},"12":{"name":"appErrorFilterTs","decl":{"start":{"line":259,"column":9},"end":{"line":259,"column":36}},"loc":{"start":{"line":259,"column":36},"end":{"line":273,"column":null}},"line":259},"13":{"name":"appExceptionTs","decl":{"start":{"line":275,"column":9},"end":{"line":275,"column":34}},"loc":{"start":{"line":275,"column":34},"end":{"line":285,"column":null}},"line":275},"14":{"name":"appConfigTs","decl":{"start":{"line":287,"column":9},"end":{"line":287,"column":31}},"loc":{"start":{"line":287,"column":31},"end":{"line":309,"column":null}},"line":287}},"branchMap":{"0":{"loc":{"start":{"line":21,"column":6},"end":{"line":24,"column":null}},"type":"if","locations":[{"start":{"line":21,"column":6},"end":{"line":24,"column":null}},{"start":{},"end":{}}],"line":21},"1":{"loc":{"start":{"line":70,"column":6},"end":{"line":79,"column":null}},"type":"if","locations":[{"start":{"line":70,"column":6},"end":{"line":79,"column":null}},{"start":{},"end":{}}],"line":70}},"s":{"0":3,"1":3,"2":3,"3":3,"4":0,"5":0,"6":3,"7":3,"8":3,"9":3,"10":18,"11":3,"12":3,"13":42,"14":42,"15":42,"16":3,"17":0,"18":0,"19":0,"20":0,"21":3,"22":3,"23":3,"24":3,"25":3,"26":3,"27":3,"28":3,"29":3,"30":3,"31":3,"32":3,"33":3,"34":3,"35":3,"36":3,"37":3,"38":3,"39":3,"40":3},"f":{"0":3,"1":3,"2":3,"3":3,"4":3,"5":3,"6":3,"7":3,"8":3,"9":3,"10":3,"11":3,"12":3,"13":3,"14":3},"b":{"0":[0,3],"1":[0,3]},"meta":{"lastBranch":2,"lastFunction":15,"lastStatement":41,"seen":{"f:9:16:9:38":0,"s:10:14:10:Infinity":0,"s:11:2:89:Infinity":1,"f:17:12:17:19":1,"s:18:12:18:Infinity":2,"b:21:6:24:Infinity:undefined:undefined:undefined:undefined":0,"s:21:6:24:Infinity":3,"s:22:8:22:Infinity":4,"s:23:8:23:Infinity":5,"s:26:12:26:Infinity":6,"s:28:6:32:Infinity":7,"s:35:19:42:Infinity":8,"s:43:6:43:Infinity":9,"s:43:28:43:Infinity":10,"s:46:45:61:Infinity":11,"s:63:6:67:Infinity":12,"s:64:14:64:Infinity":13,"s:65:8:65:Infinity":14,"s:66:8:66:Infinity":15,"b:70:6:79:Infinity:undefined:undefined:undefined:undefined":1,"s:70:6:79:Infinity":16,"s:71:8:78:Infinity":17,"s:72:10:72:Infinity":18,"s:73:10:73:Infinity":19,"s:75:10:77:Infinity":20,"s:81:6:83:Infinity":21,"s:84:6:84:Infinity":22,"s:85:6:85:Infinity":23,"s:86:6:86:Infinity":24,"s:87:6:87:Infinity":25,"s:88:6:88:Infinity":26,"s:90:2:90:Infinity":27,"f:95:9:95:21":2,"s:96:2:124:Infinity":28,"f:127:9:127:37":3,"s:128:2:128:Infinity":29,"f:135:9:135:32":4,"s:136:2:157:Infinity":30,"f:160:9:160:22":5,"s:161:2:169:Infinity":31,"f:178:9:178:29":6,"s:179:2:179:Infinity":32,"f:187:9:187:28":7,"s:188:2:188:Infinity":33,"f:202:9:202:31":8,"s:203:2:203:Infinity":34,"f:215:9:215:35":9,"s:216:2:216:Infinity":35,"f:231:9:231:32":10,"s:232:2:232:Infinity":36,"f:243:9:243:38":11,"s:244:2:244:Infinity":37,"f:259:9:259:36":12,"s:260:2:260:Infinity":38,"f:275:9:275:34":13,"s:276:2:276:Infinity":39,"f:287:9:287:31":14,"s:288:2:288:Infinity":40},"fnNames":{}}}
,"/Users/c3p0/Documents/repositories/varbyte/nest-worker/cli/src/commands/generate/generate.command.ts": {"path":"/Users/c3p0/Documents/repositories/varbyte/nest-worker/cli/src/commands/generate/generate.command.ts","statementMap":{"0":{"start":{"line":24,"column":8},"end":{"line":24,"column":null}},"1":{"start":{"line":25,"column":8},"end":{"line":25,"column":null}},"2":{"start":{"line":26,"column":2},"end":{"line":34,"column":null}},"3":{"start":{"line":27,"column":4},"end":{"line":27,"column":null}},"4":{"start":{"line":28,"column":4},"end":{"line":32,"column":null}},"5":{"start":{"line":33,"column":4},"end":{"line":33,"column":null}},"6":{"start":{"line":35,"column":2},"end":{"line":35,"column":null}},"7":{"start":{"line":39,"column":2},"end":{"line":39,"column":null}},"8":{"start":{"line":40,"column":2},"end":{"line":42,"column":null}},"9":{"start":{"line":41,"column":4},"end":{"line":41,"column":null}},"10":{"start":{"line":43,"column":2},"end":{"line":43,"column":null}},"11":{"start":{"line":47,"column":2},"end":{"line":47,"column":null}},"12":{"start":{"line":51,"column":8},"end":{"line":51,"column":null}},"13":{"start":{"line":52,"column":2},"end":{"line":52,"column":null}},"14":{"start":{"line":56,"column":8},"end":{"line":56,"column":null}},"15":{"start":{"line":57,"column":2},"end":{"line":57,"column":null}},"16":{"start":{"line":65,"column":2},"end":{"line":67,"column":null}},"17":{"start":{"line":66,"column":4},"end":{"line":66,"column":null}},"18":{"start":{"line":68,"column":2},"end":{"line":68,"column":null}},"19":{"start":{"line":69,"column":2},"end":{"line":69,"column":null}},"20":{"start":{"line":77,"column":14},"end":{"line":77,"column":null}},"21":{"start":{"line":78,"column":2},"end":{"line":78,"column":null}},"22":{"start":{"line":79,"column":2},"end":{"line":79,"column":null}},"23":{"start":{"line":80,"column":2},"end":{"line":80,"column":null}},"24":{"start":{"line":81,"column":2},"end":{"line":104,"column":null}},"25":{"start":{"line":82,"column":17},"end":{"line":82,"column":null}},"26":{"start":{"line":83,"column":10},"end":{"line":83,"column":null}},"27":{"start":{"line":84,"column":16},"end":{"line":84,"column":null}},"28":{"start":{"line":85,"column":19},"end":{"line":85,"column":null}},"29":{"start":{"line":86,"column":10},"end":{"line":86,"column":null}},"30":{"start":{"line":87,"column":10},"end":{"line":87,"column":null}},"31":{"start":{"line":88,"column":20},"end":{"line":88,"column":null}},"32":{"start":{"line":90,"column":4},"end":{"line":90,"column":null}},"33":{"start":{"line":92,"column":20},"end":{"line":92,"column":null}},"34":{"start":{"line":93,"column":20},"end":{"line":93,"column":null}},"35":{"start":{"line":95,"column":4},"end":{"line":103,"column":null}},"36":{"start":{"line":96,"column":6},"end":{"line":96,"column":null}},"37":{"start":{"line":98,"column":6},"end":{"line":102,"column":null}},"38":{"start":{"line":105,"column":2},"end":{"line":105,"column":null}},"39":{"start":{"line":109,"column":21},"end":{"line":109,"column":null}},"40":{"start":{"line":110,"column":2},"end":{"line":117,"column":null}},"41":{"start":{"line":126,"column":14},"end":{"line":126,"column":null}},"42":{"start":{"line":127,"column":2},"end":{"line":127,"column":null}},"43":{"start":{"line":128,"column":2},"end":{"line":128,"column":null}},"44":{"start":{"line":129,"column":2},"end":{"line":129,"column":null}},"45":{"start":{"line":130,"column":2},"end":{"line":153,"column":null}},"46":{"start":{"line":131,"column":17},"end":{"line":131,"column":null}},"47":{"start":{"line":132,"column":10},"end":{"line":132,"column":null}},"48":{"start":{"line":133,"column":16},"end":{"line":133,"column":null}},"49":{"start":{"line":134,"column":19},"end":{"line":134,"column":null}},"50":{"start":{"line":135,"column":10},"end":{"line":135,"column":null}},"51":{"start":{"line":136,"column":10},"end":{"line":136,"column":null}},"52":{"start":{"line":137,"column":20},"end":{"line":137,"column":null}},"53":{"start":{"line":139,"column":4},"end":{"line":139,"column":null}},"54":{"start":{"line":141,"column":20},"end":{"line":141,"column":null}},"55":{"start":{"line":142,"column":20},"end":{"line":142,"column":null}},"56":{"start":{"line":144,"column":4},"end":{"line":152,"column":null}},"57":{"start":{"line":145,"column":6},"end":{"line":145,"column":null}},"58":{"start":{"line":147,"column":6},"end":{"line":151,"column":null}},"59":{"start":{"line":154,"column":2},"end":{"line":154,"column":null}},"60":{"start":{"line":158,"column":21},"end":{"line":158,"column":null}},"61":{"start":{"line":159,"column":22},"end":{"line":159,"column":null}},"62":{"start":{"line":160,"column":21},"end":{"line":160,"column":null}},"63":{"start":{"line":161,"column":22},"end":{"line":161,"column":null}},"64":{"start":{"line":163,"column":2},"end":{"line":211,"column":null}},"65":{"start":{"line":222,"column":14},"end":{"line":222,"column":null}},"66":{"start":{"line":223,"column":2},"end":{"line":223,"column":null}},"67":{"start":{"line":224,"column":2},"end":{"line":224,"column":null}},"68":{"start":{"line":225,"column":2},"end":{"line":225,"column":null}},"69":{"start":{"line":226,"column":2},"end":{"line":249,"column":null}},"70":{"start":{"line":227,"column":17},"end":{"line":227,"column":null}},"71":{"start":{"line":228,"column":10},"end":{"line":228,"column":null}},"72":{"start":{"line":229,"column":16},"end":{"line":229,"column":null}},"73":{"start":{"line":230,"column":19},"end":{"line":230,"column":null}},"74":{"start":{"line":231,"column":10},"end":{"line":231,"column":null}},"75":{"start":{"line":232,"column":10},"end":{"line":232,"column":null}},"76":{"start":{"line":233,"column":20},"end":{"line":233,"column":null}},"77":{"start":{"line":235,"column":4},"end":{"line":235,"column":null}},"78":{"start":{"line":237,"column":20},"end":{"line":237,"column":null}},"79":{"start":{"line":238,"column":20},"end":{"line":238,"column":null}},"80":{"start":{"line":240,"column":4},"end":{"line":248,"column":null}},"81":{"start":{"line":241,"column":6},"end":{"line":241,"column":null}},"82":{"start":{"line":243,"column":6},"end":{"line":247,"column":null}},"83":{"start":{"line":250,"column":2},"end":{"line":250,"column":null}},"84":{"start":{"line":254,"column":19},"end":{"line":254,"column":null}},"85":{"start":{"line":255,"column":18},"end":{"line":255,"column":null}},"86":{"start":{"line":256,"column":19},"end":{"line":256,"column":null}},"87":{"start":{"line":257,"column":21},"end":{"line":257,"column":null}},"88":{"start":{"line":258,"column":20},"end":{"line":258,"column":null}},"89":{"start":{"line":260,"column":2},"end":{"line":300,"column":null}},"90":{"start":{"line":311,"column":14},"end":{"line":311,"column":null}},"91":{"start":{"line":312,"column":2},"end":{"line":314,"column":null}},"92":{"start":{"line":315,"column":2},"end":{"line":315,"column":null}},"93":{"start":{"line":316,"column":2},"end":{"line":316,"column":null}},"94":{"start":{"line":317,"column":2},"end":{"line":402,"column":null}},"95":{"start":{"line":318,"column":17},"end":{"line":318,"column":null}},"96":{"start":{"line":319,"column":10},"end":{"line":319,"column":null}},"97":{"start":{"line":320,"column":16},"end":{"line":320,"column":null}},"98":{"start":{"line":321,"column":10},"end":{"line":321,"column":null}},"99":{"start":{"line":322,"column":19},"end":{"line":322,"column":null}},"100":{"start":{"line":323,"column":22},"end":{"line":323,"column":null}},"101":{"start":{"line":324,"column":18},"end":{"line":324,"column":null}},"102":{"start":{"line":326,"column":4},"end":{"line":326,"column":null}},"103":{"start":{"line":327,"column":4},"end":{"line":327,"column":null}},"104":{"start":{"line":330,"column":10},"end":{"line":330,"column":null}},"105":{"start":{"line":331,"column":4},"end":{"line":331,"column":null}},"106":{"start":{"line":333,"column":22},"end":{"line":333,"column":null}},"107":{"start":{"line":334,"column":10},"end":{"line":334,"column":null}},"108":{"start":{"line":335,"column":26},"end":{"line":335,"column":null}},"109":{"start":{"line":336,"column":10},"end":{"line":336,"column":null}},"110":{"start":{"line":337,"column":25},"end":{"line":337,"column":null}},"111":{"start":{"line":340,"column":67},"end":{"line":381,"column":null}},"112":{"start":{"line":383,"column":30},"end":{"line":383,"column":null}},"113":{"start":{"line":384,"column":30},"end":{"line":384,"column":null}},"114":{"start":{"line":386,"column":4},"end":{"line":390,"column":null}},"115":{"start":{"line":387,"column":22},"end":{"line":387,"column":null}},"116":{"start":{"line":388,"column":6},"end":{"line":389,"column":null}},"117":{"start":{"line":388,"column":19},"end":{"line":388,"column":null}},"118":{"start":{"line":389,"column":11},"end":{"line":389,"column":null}},"119":{"start":{"line":392,"column":4},"end":{"line":394,"column":null}},"120":{"start":{"line":393,"column":6},"end":{"line":393,"column":null}},"121":{"start":{"line":395,"column":4},"end":{"line":401,"column":null}},"122":{"start":{"line":396,"column":6},"end":{"line":396,"column":null}},"123":{"start":{"line":397,"column":6},"end":{"line":399,"column":null}},"124":{"start":{"line":398,"column":8},"end":{"line":398,"column":null}},"125":{"start":{"line":400,"column":6},"end":{"line":400,"column":null}},"126":{"start":{"line":403,"column":2},"end":{"line":403,"column":null}},"127":{"start":{"line":407,"column":25},"end":{"line":407,"column":null}},"128":{"start":{"line":408,"column":22},"end":{"line":408,"column":null}},"129":{"start":{"line":409,"column":25},"end":{"line":409,"column":null}},"130":{"start":{"line":410,"column":21},"end":{"line":410,"column":null}},"131":{"start":{"line":411,"column":25},"end":{"line":411,"column":null}},"132":{"start":{"line":412,"column":22},"end":{"line":412,"column":null}},"133":{"start":{"line":413,"column":25},"end":{"line":413,"column":null}},"134":{"start":{"line":415,"column":2},"end":{"line":425,"column":null}},"135":{"start":{"line":430,"column":21},"end":{"line":430,"column":null}},"136":{"start":{"line":431,"column":22},"end":{"line":431,"column":null}},"137":{"start":{"line":432,"column":21},"end":{"line":432,"column":null}},"138":{"start":{"line":434,"column":2},"end":{"line":496,"column":null}},"139":{"start":{"line":503,"column":19},"end":{"line":503,"column":null}},"140":{"start":{"line":504,"column":18},"end":{"line":504,"column":null}},"141":{"start":{"line":505,"column":21},"end":{"line":505,"column":null}},"142":{"start":{"line":507,"column":2},"end":{"line":547,"column":null}},"143":{"start":{"line":558,"column":14},"end":{"line":558,"column":null}},"144":{"start":{"line":559,"column":2},"end":{"line":559,"column":null}},"145":{"start":{"line":560,"column":2},"end":{"line":560,"column":null}},"146":{"start":{"line":561,"column":2},"end":{"line":561,"column":null}},"147":{"start":{"line":562,"column":2},"end":{"line":585,"column":null}},"148":{"start":{"line":563,"column":17},"end":{"line":563,"column":null}},"149":{"start":{"line":564,"column":10},"end":{"line":564,"column":null}},"150":{"start":{"line":565,"column":16},"end":{"line":565,"column":null}},"151":{"start":{"line":566,"column":19},"end":{"line":566,"column":null}},"152":{"start":{"line":567,"column":22},"end":{"line":567,"column":null}},"153":{"start":{"line":568,"column":10},"end":{"line":568,"column":null}},"154":{"start":{"line":569,"column":20},"end":{"line":569,"column":null}},"155":{"start":{"line":571,"column":4},"end":{"line":571,"column":null}},"156":{"start":{"line":573,"column":20},"end":{"line":573,"column":null}},"157":{"start":{"line":574,"column":20},"end":{"line":574,"column":null}},"158":{"start":{"line":576,"column":4},"end":{"line":584,"column":null}},"159":{"start":{"line":577,"column":6},"end":{"line":577,"column":null}},"160":{"start":{"line":579,"column":6},"end":{"line":583,"column":null}},"161":{"start":{"line":586,"column":2},"end":{"line":586,"column":null}},"162":{"start":{"line":590,"column":20},"end":{"line":590,"column":null}},"163":{"start":{"line":592,"column":2},"end":{"line":597,"column":null}},"164":{"start":{"line":628,"column":14},"end":{"line":628,"column":null}},"165":{"start":{"line":629,"column":2},"end":{"line":629,"column":null}},"166":{"start":{"line":630,"column":2},"end":{"line":630,"column":null}},"167":{"start":{"line":631,"column":2},"end":{"line":631,"column":null}},"168":{"start":{"line":632,"column":2},"end":{"line":655,"column":null}},"169":{"start":{"line":633,"column":17},"end":{"line":633,"column":null}},"170":{"start":{"line":634,"column":10},"end":{"line":634,"column":null}},"171":{"start":{"line":635,"column":16},"end":{"line":635,"column":null}},"172":{"start":{"line":636,"column":19},"end":{"line":636,"column":null}},"173":{"start":{"line":637,"column":19},"end":{"line":637,"column":null}},"174":{"start":{"line":638,"column":10},"end":{"line":638,"column":null}},"175":{"start":{"line":639,"column":20},"end":{"line":639,"column":null}},"176":{"start":{"line":641,"column":4},"end":{"line":641,"column":null}},"177":{"start":{"line":643,"column":20},"end":{"line":643,"column":null}},"178":{"start":{"line":644,"column":20},"end":{"line":644,"column":null}},"179":{"start":{"line":646,"column":4},"end":{"line":654,"column":null}},"180":{"start":{"line":647,"column":6},"end":{"line":647,"column":null}},"181":{"start":{"line":649,"column":6},"end":{"line":653,"column":null}},"182":{"start":{"line":656,"column":2},"end":{"line":656,"column":null}},"183":{"start":{"line":660,"column":17},"end":{"line":660,"column":null}},"184":{"start":{"line":662,"column":2},"end":{"line":672,"column":null}},"185":{"start":{"line":685,"column":14},"end":{"line":685,"column":null}},"186":{"start":{"line":686,"column":2},"end":{"line":686,"column":null}},"187":{"start":{"line":687,"column":2},"end":{"line":687,"column":null}},"188":{"start":{"line":688,"column":2},"end":{"line":688,"column":null}},"189":{"start":{"line":689,"column":2},"end":{"line":689,"column":null}},"190":{"start":{"line":690,"column":2},"end":{"line":715,"column":null}},"191":{"start":{"line":692,"column":19},"end":{"line":692,"column":null}},"192":{"start":{"line":693,"column":12},"end":{"line":693,"column":null}},"193":{"start":{"line":694,"column":18},"end":{"line":694,"column":null}},"194":{"start":{"line":695,"column":21},"end":{"line":695,"column":null}},"195":{"start":{"line":696,"column":21},"end":{"line":696,"column":null}},"196":{"start":{"line":697,"column":12},"end":{"line":697,"column":null}},"197":{"start":{"line":698,"column":22},"end":{"line":698,"column":null}},"198":{"start":{"line":700,"column":6},"end":{"line":700,"column":null}},"199":{"start":{"line":702,"column":22},"end":{"line":702,"column":null}},"200":{"start":{"line":703,"column":22},"end":{"line":703,"column":null}},"201":{"start":{"line":705,"column":6},"end":{"line":713,"column":null}},"202":{"start":{"line":706,"column":8},"end":{"line":706,"column":null}},"203":{"start":{"line":708,"column":8},"end":{"line":712,"column":null}},"204":{"start":{"line":716,"column":2},"end":{"line":716,"column":null}},"205":{"start":{"line":720,"column":20},"end":{"line":720,"column":null}},"206":{"start":{"line":721,"column":15},"end":{"line":721,"column":null}},"207":{"start":{"line":723,"column":2},"end":{"line":731,"column":null}},"208":{"start":{"line":742,"column":14},"end":{"line":742,"column":null}},"209":{"start":{"line":743,"column":2},"end":{"line":743,"column":null}},"210":{"start":{"line":744,"column":2},"end":{"line":744,"column":null}},"211":{"start":{"line":745,"column":2},"end":{"line":745,"column":null}},"212":{"start":{"line":746,"column":2},"end":{"line":773,"column":null}},"213":{"start":{"line":747,"column":17},"end":{"line":747,"column":null}},"214":{"start":{"line":748,"column":10},"end":{"line":748,"column":null}},"215":{"start":{"line":749,"column":16},"end":{"line":749,"column":null}},"216":{"start":{"line":750,"column":19},"end":{"line":750,"column":null}},"217":{"start":{"line":751,"column":23},"end":{"line":751,"column":null}},"218":{"start":{"line":752,"column":10},"end":{"line":752,"column":null}},"219":{"start":{"line":753,"column":20},"end":{"line":753,"column":null}},"220":{"start":{"line":755,"column":4},"end":{"line":755,"column":null}},"221":{"start":{"line":757,"column":20},"end":{"line":757,"column":null}},"222":{"start":{"line":758,"column":20},"end":{"line":762,"column":null}},"223":{"start":{"line":764,"column":4},"end":{"line":772,"column":null}},"224":{"start":{"line":765,"column":6},"end":{"line":765,"column":null}},"225":{"start":{"line":767,"column":6},"end":{"line":771,"column":null}},"226":{"start":{"line":774,"column":2},"end":{"line":774,"column":null}},"227":{"start":{"line":778,"column":21},"end":{"line":778,"column":null}},"228":{"start":{"line":780,"column":2},"end":{"line":789,"column":null}},"229":{"start":{"line":806,"column":14},"end":{"line":806,"column":null}},"230":{"start":{"line":807,"column":2},"end":{"line":807,"column":null}},"231":{"start":{"line":808,"column":2},"end":{"line":808,"column":null}},"232":{"start":{"line":809,"column":2},"end":{"line":809,"column":null}},"233":{"start":{"line":810,"column":2},"end":{"line":833,"column":null}},"234":{"start":{"line":811,"column":17},"end":{"line":811,"column":null}},"235":{"start":{"line":812,"column":10},"end":{"line":812,"column":null}},"236":{"start":{"line":813,"column":16},"end":{"line":813,"column":null}},"237":{"start":{"line":814,"column":19},"end":{"line":814,"column":null}},"238":{"start":{"line":815,"column":10},"end":{"line":815,"column":null}},"239":{"start":{"line":816,"column":10},"end":{"line":816,"column":null}},"240":{"start":{"line":817,"column":20},"end":{"line":817,"column":null}},"241":{"start":{"line":819,"column":4},"end":{"line":819,"column":null}},"242":{"start":{"line":821,"column":20},"end":{"line":821,"column":null}},"243":{"start":{"line":822,"column":20},"end":{"line":822,"column":null}},"244":{"start":{"line":824,"column":4},"end":{"line":832,"column":null}},"245":{"start":{"line":825,"column":6},"end":{"line":825,"column":null}},"246":{"start":{"line":827,"column":6},"end":{"line":831,"column":null}},"247":{"start":{"line":834,"column":2},"end":{"line":834,"column":null}},"248":{"start":{"line":838,"column":21},"end":{"line":838,"column":null}},"249":{"start":{"line":839,"column":20},"end":{"line":839,"column":null}},"250":{"start":{"line":840,"column":20},"end":{"line":840,"column":null}},"251":{"start":{"line":842,"column":2},"end":{"line":848,"column":null}},"252":{"start":{"line":859,"column":14},"end":{"line":859,"column":null}},"253":{"start":{"line":860,"column":2},"end":{"line":860,"column":null}},"254":{"start":{"line":861,"column":2},"end":{"line":861,"column":null}},"255":{"start":{"line":862,"column":2},"end":{"line":862,"column":null}},"256":{"start":{"line":863,"column":2},"end":{"line":886,"column":null}},"257":{"start":{"line":864,"column":17},"end":{"line":864,"column":null}},"258":{"start":{"line":865,"column":10},"end":{"line":865,"column":null}},"259":{"start":{"line":866,"column":16},"end":{"line":866,"column":null}},"260":{"start":{"line":867,"column":19},"end":{"line":867,"column":null}},"261":{"start":{"line":868,"column":10},"end":{"line":868,"column":null}},"262":{"start":{"line":869,"column":10},"end":{"line":869,"column":null}},"263":{"start":{"line":870,"column":20},"end":{"line":870,"column":null}},"264":{"start":{"line":872,"column":4},"end":{"line":872,"column":null}},"265":{"start":{"line":874,"column":20},"end":{"line":874,"column":null}},"266":{"start":{"line":875,"column":20},"end":{"line":875,"column":null}},"267":{"start":{"line":877,"column":4},"end":{"line":885,"column":null}},"268":{"start":{"line":878,"column":6},"end":{"line":878,"column":null}},"269":{"start":{"line":880,"column":6},"end":{"line":884,"column":null}},"270":{"start":{"line":887,"column":2},"end":{"line":887,"column":null}},"271":{"start":{"line":891,"column":21},"end":{"line":891,"column":null}},"272":{"start":{"line":892,"column":20},"end":{"line":892,"column":null}},"273":{"start":{"line":894,"column":2},"end":{"line":897,"column":null}},"274":{"start":{"line":912,"column":14},"end":{"line":912,"column":null}},"275":{"start":{"line":913,"column":2},"end":{"line":913,"column":null}},"276":{"start":{"line":914,"column":2},"end":{"line":914,"column":null}},"277":{"start":{"line":915,"column":2},"end":{"line":915,"column":null}},"278":{"start":{"line":916,"column":2},"end":{"line":949,"column":null}},"279":{"start":{"line":917,"column":17},"end":{"line":917,"column":null}},"280":{"start":{"line":918,"column":10},"end":{"line":918,"column":null}},"281":{"start":{"line":919,"column":10},"end":{"line":919,"column":null}},"282":{"start":{"line":920,"column":19},"end":{"line":920,"column":null}},"283":{"start":{"line":921,"column":18},"end":{"line":921,"column":null}},"284":{"start":{"line":923,"column":4},"end":{"line":923,"column":null}},"285":{"start":{"line":925,"column":30},"end":{"line":925,"column":null}},"286":{"start":{"line":926,"column":30},"end":{"line":926,"column":null}},"287":{"start":{"line":928,"column":22},"end":{"line":928,"column":null}},"288":{"start":{"line":929,"column":22},"end":{"line":929,"column":null}},"289":{"start":{"line":931,"column":10},"end":{"line":931,"column":null}},"290":{"start":{"line":932,"column":10},"end":{"line":932,"column":null}},"291":{"start":{"line":934,"column":30},"end":{"line":934,"column":null}},"292":{"start":{"line":935,"column":4},"end":{"line":937,"column":null}},"293":{"start":{"line":936,"column":6},"end":{"line":936,"column":null}},"294":{"start":{"line":938,"column":4},"end":{"line":940,"column":null}},"295":{"start":{"line":939,"column":6},"end":{"line":939,"column":null}},"296":{"start":{"line":942,"column":4},"end":{"line":948,"column":null}},"297":{"start":{"line":943,"column":6},"end":{"line":943,"column":null}},"298":{"start":{"line":945,"column":6},"end":{"line":947,"column":null}},"299":{"start":{"line":950,"column":2},"end":{"line":950,"column":null}},"300":{"start":{"line":954,"column":20},"end":{"line":954,"column":null}},"301":{"start":{"line":956,"column":2},"end":{"line":959,"column":null}},"302":{"start":{"line":966,"column":20},"end":{"line":966,"column":null}},"303":{"start":{"line":968,"column":2},"end":{"line":972,"column":null}},"304":{"start":{"line":983,"column":14},"end":{"line":983,"column":null}},"305":{"start":{"line":984,"column":2},"end":{"line":984,"column":null}},"306":{"start":{"line":985,"column":2},"end":{"line":985,"column":null}},"307":{"start":{"line":986,"column":2},"end":{"line":986,"column":null}},"308":{"start":{"line":987,"column":2},"end":{"line":991,"column":null}},"309":{"start":{"line":992,"column":2},"end":{"line":1019,"column":null}},"310":{"start":{"line":993,"column":17},"end":{"line":993,"column":null}},"311":{"start":{"line":994,"column":10},"end":{"line":994,"column":null}},"312":{"start":{"line":995,"column":10},"end":{"line":995,"column":null}},"313":{"start":{"line":996,"column":19},"end":{"line":996,"column":null}},"314":{"start":{"line":997,"column":21},"end":{"line":997,"column":null}},"315":{"start":{"line":998,"column":10},"end":{"line":998,"column":null}},"316":{"start":{"line":999,"column":20},"end":{"line":999,"column":null}},"317":{"start":{"line":1000,"column":25},"end":{"line":1000,"column":null}},"318":{"start":{"line":1002,"column":4},"end":{"line":1002,"column":null}},"319":{"start":{"line":1004,"column":20},"end":{"line":1004,"column":null}},"320":{"start":{"line":1005,"column":20},"end":{"line":1005,"column":null}},"321":{"start":{"line":1007,"column":4},"end":{"line":1018,"column":null}},"322":{"start":{"line":1008,"column":6},"end":{"line":1011,"column":null}},"323":{"start":{"line":1013,"column":6},"end":{"line":1017,"column":null}},"324":{"start":{"line":1020,"column":2},"end":{"line":1020,"column":null}},"325":{"start":{"line":1024,"column":16},"end":{"line":1024,"column":null}},"326":{"start":{"line":1025,"column":23},"end":{"line":1025,"column":null}},"327":{"start":{"line":1026,"column":28},"end":{"line":1026,"column":null}},"328":{"start":{"line":1027,"column":20},"end":{"line":1027,"column":null}},"329":{"start":{"line":1029,"column":2},"end":{"line":1044,"column":null}},"330":{"start":{"line":1030,"column":4},"end":{"line":1040,"column":null}},"331":{"start":{"line":1046,"column":2},"end":{"line":1064,"column":null}},"332":{"start":{"line":1047,"column":4},"end":{"line":1061,"column":null}},"333":{"start":{"line":1067,"column":2},"end":{"line":1089,"column":null}},"334":{"start":{"line":1099,"column":14},"end":{"line":1099,"column":null}},"335":{"start":{"line":1100,"column":2},"end":{"line":1100,"column":null}},"336":{"start":{"line":1101,"column":2},"end":{"line":1101,"column":null}},"337":{"start":{"line":1102,"column":2},"end":{"line":1102,"column":null}},"338":{"start":{"line":1103,"column":2},"end":{"line":1142,"column":null}},"339":{"start":{"line":1104,"column":17},"end":{"line":1104,"column":null}},"340":{"start":{"line":1105,"column":10},"end":{"line":1105,"column":null}},"341":{"start":{"line":1106,"column":19},"end":{"line":1106,"column":null}},"342":{"start":{"line":1107,"column":10},"end":{"line":1107,"column":null}},"343":{"start":{"line":1108,"column":26},"end":{"line":1108,"column":null}},"344":{"start":{"line":1109,"column":10},"end":{"line":1109,"column":null}},"345":{"start":{"line":1110,"column":20},"end":{"line":1110,"column":null}},"346":{"start":{"line":1112,"column":4},"end":{"line":1112,"column":null}},"347":{"start":{"line":1114,"column":20},"end":{"line":1115,"column":null}},"348":{"start":{"line":1127,"column":20},"end":{"line":1131,"column":null}},"349":{"start":{"line":1133,"column":4},"end":{"line":1141,"column":null}},"350":{"start":{"line":1134,"column":6},"end":{"line":1134,"column":null}},"351":{"start":{"line":1136,"column":6},"end":{"line":1140,"column":null}},"352":{"start":{"line":1143,"column":2},"end":{"line":1143,"column":null}},"353":{"start":{"line":1151,"column":14},"end":{"line":1151,"column":null}},"354":{"start":{"line":1152,"column":2},"end":{"line":1152,"column":null}},"355":{"start":{"line":1153,"column":2},"end":{"line":1153,"column":null}},"356":{"start":{"line":1154,"column":2},"end":{"line":1154,"column":null}},"357":{"start":{"line":1155,"column":2},"end":{"line":1193,"column":null}},"358":{"start":{"line":1156,"column":17},"end":{"line":1156,"column":null}},"359":{"start":{"line":1157,"column":10},"end":{"line":1157,"column":null}},"360":{"start":{"line":1158,"column":10},"end":{"line":1158,"column":null}},"361":{"start":{"line":1159,"column":19},"end":{"line":1159,"column":null}},"362":{"start":{"line":1160,"column":10},"end":{"line":1160,"column":null}},"363":{"start":{"line":1161,"column":21},"end":{"line":1161,"column":null}},"364":{"start":{"line":1162,"column":10},"end":{"line":1162,"column":null}},"365":{"start":{"line":1163,"column":20},"end":{"line":1163,"column":null}},"366":{"start":{"line":1165,"column":4},"end":{"line":1165,"column":null}},"367":{"start":{"line":1167,"column":22},"end":{"line":1167,"column":null}},"368":{"start":{"line":1168,"column":20},"end":{"line":1178,"column":null}},"369":{"start":{"line":1182,"column":20},"end":{"line":1182,"column":null}},"370":{"start":{"line":1184,"column":4},"end":{"line":1192,"column":null}},"371":{"start":{"line":1185,"column":6},"end":{"line":1185,"column":null}},"372":{"start":{"line":1187,"column":6},"end":{"line":1191,"column":null}},"373":{"start":{"line":1194,"column":2},"end":{"line":1194,"column":null}},"374":{"start":{"line":1202,"column":14},"end":{"line":1202,"column":null}},"375":{"start":{"line":1203,"column":2},"end":{"line":1205,"column":null}},"376":{"start":{"line":1206,"column":2},"end":{"line":1206,"column":null}},"377":{"start":{"line":1207,"column":2},"end":{"line":1207,"column":null}},"378":{"start":{"line":1208,"column":2},"end":{"line":1212,"column":null}},"379":{"start":{"line":1213,"column":2},"end":{"line":1213,"column":null}},"380":{"start":{"line":1214,"column":2},"end":{"line":1283,"column":null}},"381":{"start":{"line":1219,"column":19},"end":{"line":1219,"column":null}},"382":{"start":{"line":1220,"column":12},"end":{"line":1220,"column":null}},"383":{"start":{"line":1221,"column":20},"end":{"line":1221,"column":null}},"384":{"start":{"line":1222,"column":19},"end":{"line":1222,"column":null}},"385":{"start":{"line":1224,"column":6},"end":{"line":1235,"column":null}},"386":{"start":{"line":1225,"column":8},"end":{"line":1225,"column":null}},"387":{"start":{"line":1226,"column":8},"end":{"line":1228,"column":null}},"388":{"start":{"line":1229,"column":8},"end":{"line":1233,"column":null}},"389":{"start":{"line":1230,"column":10},"end":{"line":1230,"column":null}},"390":{"start":{"line":1232,"column":10},"end":{"line":1232,"column":null}},"391":{"start":{"line":1234,"column":8},"end":{"line":1234,"column":null}},"392":{"start":{"line":1237,"column":10},"end":{"line":1237,"column":null}},"393":{"start":{"line":1240,"column":23},"end":{"line":1240,"column":null}},"394":{"start":{"line":1241,"column":6},"end":{"line":1257,"column":null}},"395":{"start":{"line":1242,"column":8},"end":{"line":1249,"column":null}},"396":{"start":{"line":1243,"column":10},"end":{"line":1247,"column":null}},"397":{"start":{"line":1248,"column":10},"end":{"line":1248,"column":null}},"398":{"start":{"line":1251,"column":8},"end":{"line":1251,"column":null}},"399":{"start":{"line":1252,"column":8},"end":{"line":1252,"column":null}},"400":{"start":{"line":1253,"c
[...]
":{"line":26,"column":62}},"type":"default-arg","locations":[{"start":{"line":26,"column":44},"end":{"line":26,"column":62}}],"line":26},"1":{"loc":{"start":{"line":28,"column":4},"end":{"line":28,"column":null}},"type":"default-arg","locations":[{"start":{"line":28,"column":13},"end":{"line":28,"column":null}}],"line":28},"2":{"loc":{"start":{"line":29,"column":4},"end":{"line":29,"column":null}},"type":"default-arg","locations":[{"start":{"line":29,"column":14},"end":{"line":29,"column":null}}],"line":29},"3":{"loc":{"start":{"line":30,"column":4},"end":{"line":30,"column":null}},"type":"default-arg","locations":[{"start":{"line":30,"column":21},"end":{"line":30,"column":null}}],"line":30},"4":{"loc":{"start":{"line":31,"column":4},"end":{"line":31,"column":null}},"type":"default-arg","locations":[{"start":{"line":31,"column":18},"end":{"line":31,"column":null}}],"line":31},"5":{"loc":{"start":{"line":32,"column":4},"end":{"line":32,"column":null}},"type":"default-arg","locations":[{"start":{"line":32,"column":13},"end":{"line":32,"column":null}}],"line":32},"6":{"loc":{"start":{"line":35,"column":2},"end":{"line":37,"column":null}},"type":"if","locations":[{"start":{"line":35,"column":2},"end":{"line":37,"column":null}},{"start":{},"end":{}}],"line":35},"7":{"loc":{"start":{"line":35,"column":6},"end":{"line":35,"column":37}},"type":"binary-expr","locations":[{"start":{"line":35,"column":6},"end":{"line":35,"column":21}},{"start":{"line":35,"column":21},"end":{"line":35,"column":37}}],"line":35},"8":{"loc":{"start":{"line":44,"column":4},"end":{"line":50,"column":null}},"type":"if","locations":[{"start":{"line":44,"column":4},"end":{"line":50,"column":null}},{"start":{},"end":{}}],"line":44},"9":{"loc":{"start":{"line":49,"column":6},"end":{"line":49,"column":null}},"type":"if","locations":[{"start":{"line":49,"column":6},"end":{"line":49,"column":null}},{"start":{},"end":{}}],"line":49},"10":{"loc":{"start":{"line":52,"column":4},"end":{"line":54,"column":null}},"type":"if","locations":[{"start":{"line":52,"column":4},"end":{"line":54,"column":null}},{"start":{},"end":{}}],"line":52},"11":{"loc":{"start":{"line":64,"column":2},"end":{"line":64,"column":null}},"type":"if","locations":[{"start":{"line":64,"column":2},"end":{"line":64,"column":null}},{"start":{},"end":{}}],"line":64},"12":{"loc":{"start":{"line":65,"column":2},"end":{"line":65,"column":null}},"type":"if","locations":[{"start":{"line":65,"column":2},"end":{"line":65,"column":null}},{"start":{},"end":{}}],"line":65},"13":{"loc":{"start":{"line":66,"column":2},"end":{"line":68,"column":null}},"type":"if","locations":[{"start":{"line":66,"column":2},"end":{"line":68,"column":null}},{"start":{},"end":{}}],"line":66},"14":{"loc":{"start":{"line":67,"column":11},"end":{"line":67,"column":null}},"type":"cond-expr","locations":[{"start":{"line":67,"column":38},"end":{"line":67,"column":54}},{"start":{"line":67,"column":54},"end":{"line":67,"column":null}}],"line":67},"15":{"loc":{"start":{"line":69,"column":2},"end":{"line":71,"column":null}},"type":"if","locations":[{"start":{"line":69,"column":2},"end":{"line":71,"column":null}},{"start":{},"end":{}}],"line":69},"16":{"loc":{"start":{"line":70,"column":11},"end":{"line":70,"column":null}},"type":"cond-expr","locations":[{"start":{"line":70,"column":44},"end":{"line":70,"column":60}},{"start":{"line":70,"column":60},"end":{"line":70,"column":null}}],"line":70},"17":{"loc":{"start":{"line":72,"column":9},"end":{"line":72,"column":null}},"type":"cond-expr","locations":[{"start":{"line":72,"column":33},"end":{"line":72,"column":49}},{"start":{"line":72,"column":49},"end":{"line":72,"column":null}}],"line":72},"18":{"loc":{"start":{"line":88,"column":30},"end":{"line":88,"column":80}},"type":"default-arg","locations":[{"start":{"line":88,"column":62},"end":{"line":88,"column":80}}],"line":88},"19":{"loc":{"start":{"line":90,"column":4},"end":{"line":90,"column":null}},"type":"default-arg","locations":[{"start":{"line":90,"column":22},"end":{"line":90,"column":null}}],"line":90},"20":{"loc":{"start":{"line":91,"column":4},"end":{"line":91,"column":null}},"type":"default-arg","locations":[{"start":{"line":91,"column":24},"end":{"line":91,"column":null}}],"line":91},"21":{"loc":{"start":{"line":92,"column":4},"end":{"line":92,"column":null}},"type":"default-arg","locations":[{"start":{"line":92,"column":11},"end":{"line":92,"column":null}}],"line":92},"22":{"loc":{"start":{"line":93,"column":4},"end":{"line":93,"column":null}},"type":"default-arg","locations":[{"start":{"line":93,"column":19},"end":{"line":93,"column":null}}],"line":93},"23":{"loc":{"start":{"line":94,"column":4},"end":{"line":94,"column":null}},"type":"default-arg","locations":[{"start":{"line":94,"column":18},"end":{"line":94,"column":null}}],"line":94},"24":{"loc":{"start":{"line":101,"column":6},"end":{"line":103,"column":null}},"type":"binary-expr","locations":[{"start":{"line":101,"column":6},"end":{"line":101,"column":null}},{"start":{"line":102,"column":6},"end":{"line":102,"column":null}},{"start":{"line":103,"column":6},"end":{"line":103,"column":null}}],"line":101},"25":{"loc":{"start":{"line":127,"column":27},"end":{"line":127,"column":74}},"type":"default-arg","locations":[{"start":{"line":127,"column":56},"end":{"line":127,"column":74}}],"line":127},"26":{"loc":{"start":{"line":130,"column":4},"end":{"line":135,"column":null}},"type":"if","locations":[{"start":{"line":130,"column":4},"end":{"line":135,"column":null}},{"start":{},"end":{}}],"line":130},"27":{"loc":{"start":{"line":139,"column":6},"end":{"line":140,"column":null}},"type":"binary-expr","locations":[{"start":{"line":139,"column":6},"end":{"line":139,"column":null}},{"start":{"line":140,"column":7},"end":{"line":140,"column":null}}],"line":139},"28":{"loc":{"start":{"line":140,"column":7},"end":{"line":140,"column":null}},"type":"cond-expr","locations":[{"start":{"line":140,"column":30},"end":{"line":140,"column":68}},{"start":{"line":140,"column":68},"end":{"line":140,"column":null}}],"line":140},"29":{"loc":{"start":{"line":142,"column":4},"end":{"line":147,"column":null}},"type":"if","locations":[{"start":{"line":142,"column":4},"end":{"line":147,"column":null}},{"start":{},"end":{}}],"line":142},"30":{"loc":{"start":{"line":142,"column":8},"end":{"line":142,"column":41}},"type":"binary-expr","locations":[{"start":{"line":142,"column":8},"end":{"line":142,"column":21}},{"start":{"line":142,"column":21},"end":{"line":142,"column":41}}],"line":142},"31":{"loc":{"start":{"line":165,"column":29},"end":{"line":165,"column":75}},"type":"default-arg","locations":[{"start":{"line":165,"column":57},"end":{"line":165,"column":75}}],"line":165},"32":{"loc":{"start":{"line":166,"column":10},"end":{"line":166,"column":29}},"type":"default-arg","locations":[{"start":{"line":166,"column":21},"end":{"line":166,"column":29}}],"line":166},"33":{"loc":{"start":{"line":166,"column":29},"end":{"line":166,"column":42}},"type":"default-arg","locations":[{"start":{"line":166,"column":35},"end":{"line":166,"column":42}}],"line":166},"34":{"loc":{"start":{"line":171,"column":6},"end":{"line":173,"column":null}},"type":"binary-expr","locations":[{"start":{"line":171,"column":6},"end":{"line":171,"column":null}},{"start":{"line":172,"column":6},"end":{"line":172,"column":null}},{"start":{"line":173,"column":6},"end":{"line":173,"column":null}}],"line":171},"35":{"loc":{"start":{"line":177,"column":4},"end":{"line":180,"column":null}},"type":"if","locations":[{"start":{"line":177,"column":4},"end":{"line":180,"column":null}},{"start":{},"end":{}}],"line":177},"36":{"loc":{"start":{"line":177,"column":8},"end":{"line":177,"column":37}},"type":"binary-expr","locations":[{"start":{"line":177,"column":8},"end":{"line":177,"column":18}},{"start":{"line":177,"column":18},"end":{"line":177,"column":37}}],"line":177},"37":{"loc":{"start":{"line":184,"column":4},"end":{"line":192,"column":null}},"type":"if","locations":[{"start":{"line":184,"column":4},"end":{"line":192,"column":null}},{"start":{},"end":{}}],"line":184}},"s":{"0":7,"1":7,"2":1,"3":6,"4":6,"5":6,"6":6,"7":6,"8":5,"9":5,"10":5,"11":5,"12":5,"13":1,"14":6,"15":1,"16":5,"17":6,"18":0,"19":6,"20":0,"21":6,"22":1,"23":5,"24":4,"25":1,"26":0,"27":0,"28":0,"29":12,"30":12,"31":12,"32":12,"33":12,"34":0,"35":0,"36":0,"37":0,"38":0,"39":0,"40":0,"41":0,"42":2,"43":2,"44":2,"45":4,"46":4,"47":4,"48":4,"49":3,"50":3,"51":4,"52":4,"53":1,"54":3},"f":{"0":7,"1":6,"2":6,"3":0,"4":0,"5":12,"6":12,"7":0,"8":0,"9":2,"10":4},"b":{"0":[7],"1":[7],"2":[7],"3":[7],"4":[7],"5":[7],"6":[1,6],"7":[7,3],"8":[5,1],"9":[1,4],"10":[1,5],"11":[0,6],"12":[0,6],"13":[1,5],"14":[1,0],"15":[4,1],"16":[3,1],"17":[1,0],"18":[12],"19":[12],"20":[12],"21":[12],"22":[12],"23":[12],"24":[12,9,9],"25":[0],"26":[0,0],"27":[0,0],"28":[0,0],"29":[0,0],"30":[0,0],"31":[2],"32":[2],"33":[2],"34":[4,0,0],"35":[3,1],"36":[4,1],"37":[1,3]},"meta":{"lastBranch":38,"lastFunction":11,"lastStatement":55,"seen":{"f:26:16:26:21":0,"b:26:44:26:62":0,"s:33:6:33:Infinity":0,"b:28:13:28:Infinity":1,"b:29:14:29:Infinity":2,"b:30:21:30:Infinity":3,"b:31:18:31:Infinity":4,"b:32:13:32:Infinity":5,"b:35:2:37:Infinity:undefined:undefined:undefined:undefined":6,"s:35:2:37:Infinity":1,"b:35:6:35:21:35:21:35:37":7,"s:36:4:36:Infinity":2,"s:39:2:57:Infinity":3,"f:39:2:39:10":1,"s:40:26:40:Infinity":4,"s:41:26:41:Infinity":5,"s:42:44:42:Infinity":6,"b:44:4:50:Infinity:undefined:undefined:undefined:undefined":8,"s:44:4:50:Infinity":7,"s:45:6:45:Infinity":8,"s:46:6:46:Infinity":9,"s:47:6:47:Infinity":10,"s:48:6:48:Infinity":11,"b:49:6:49:Infinity:undefined:undefined:undefined:undefined":9,"s:49:6:49:Infinity":12,"s:49:23:49:Infinity":13,"b:52:4:54:Infinity:undefined:undefined:undefined:undefined":10,"s:52:4:54:Infinity":14,"s:53:6:53:Infinity":15,"s:56:4:56:Infinity":16,"f:60:9:60:Infinity":2,"b:64:2:64:Infinity:undefined:undefined:undefined:undefined":11,"s:64:2:64:Infinity":17,"s:64:22:64:Infinity":18,"b:65:2:65:Infinity:undefined:undefined:undefined:undefined":12,"s:65:2:65:Infinity":19,"s:65:22:65:Infinity":20,"b:66:2:68:Infinity:undefined:undefined:undefined:undefined":13,"s:66:2:68:Infinity":21,"s:67:4:67:Infinity":22,"b:67:38:67:54:67:54:67:Infinity":14,"b:69:2:71:Infinity:undefined:undefined:undefined:undefined":15,"s:69:2:71:Infinity":23,"s:70:4:70:Infinity":24,"b:70:44:70:60:70:60:70:Infinity":16,"s:72:2:72:Infinity":25,"b:72:33:72:49:72:49:72:Infinity":17,"f:77:16:77:39":3,"s:78:2:85:Infinity":26,"f:78:9:78:16":4,"s:79:16:79:Infinity":27,"s:80:4:82:Infinity":28,"f:88:16:88:30":5,"b:88:62:88:80":18,"s:96:6:96:Infinity":29,"b:90:22:90:Infinity":19,"b:91:24:91:Infinity":20,"b:92:11:92:Infinity":21,"b:93:19:93:Infinity":22,"b:94:18:94:Infinity":23,"s:98:2:116:Infinity":30,"f:98:2:98:10":6,"s:99:16:99:Infinity":31,"s:101:6:103:Infinity":32,"b:101:6:101:Infinity:102:6:102:Infinity:103:6:103:Infinity":24,"s:105:4:115:Infinity":33,"f:127:16:127:27":7,"b:127:56:127:74":25,"s:128:2:148:Infinity":34,"f:128:2:128:10":8,"s:129:23:129:Infinity":35,"b:130:4:135:Infinity:undefined:undefined:undefined:undefined":26,"s:130:4:135:Infinity":36,"s:131:6:134:Infinity":37,"s:137:18:137:Infinity":38,"s:139:6:140:Infinity":39,"b:139:6:139:Infinity:140:7:140:Infinity":27,"b:140:30:140:68:140:68:140:Infinity":28,"b:142:4:147:Infinity:undefined:undefined:undefined:undefined":29,"s:142:4:147:Infinity":40,"b:142:8:142:21:142:21:142:41":30,"s:143:6:146:Infinity":41,"f:165:16:165:29":9,"b:165:57:165:75":31,"s:166:42:166:Infinity":42,"b:166:21:166:29":32,"b:166:35:166:42":33,"s:167:16:167:Infinity":43,"s:169:2:193:Infinity":44,"f:169:2:169:10":10,"s:171:6:173:Infinity":45,"b:171:6:171:Infinity:172:6:172:Infinity:173:6:173:Infinity":34,"s:174:16:174:Infinity":46,"s:175:16:175:Infinity":47,"b:177:4:180:Infinity:undefined:undefined:undefined:undefined":35,"s:177:4:180:Infinity":48,"b:177:8:177:18:177:18:177:37":36,"s:178:6:178:Infinity":49,"s:179:6:179:Infinity":50,"s:182:4:182:Infinity":51,"b:184:4:192:Infinity:undefined:undefined:undefined:undefined":37,"s:184:4:192:Infinity":52,"s:185:6:191:Infinity":53,"s:199:25:199:Infinity":54},"fnNames":{}}}
,"/Users/c3p0/Documents/repositories/varbyte/nest-worker/src/extras/validation.ts": {"path":"/Users/c3p0/Documents/repositories/varbyte/nest-worker/src/extras/validation.ts","statementMap":{"0":{"start":{"line":42,"column":2},"end":{"line":46,"column":null}},"1":{"start":{"line":53,"column":26},"end":{"line":53,"column":null}},"2":{"start":{"line":55,"column":2},"end":{"line":76,"column":null}},"3":{"start":{"line":56,"column":4},"end":{"line":75,"column":null}},"4":{"start":{"line":57,"column":25},"end":{"line":59,"column":null}},"5":{"start":{"line":58,"column":8},"end":{"line":58,"column":null}},"6":{"start":{"line":61,"column":6},"end":{"line":74,"column":null}},"7":{"start":{"line":62,"column":23},"end":{"line":65,"column":null}},"8":{"start":{"line":66,"column":23},"end":{"line":70,"column":null}},"9":{"start":{"line":71,"column":8},"end":{"line":73,"column":null}},"10":{"start":{"line":72,"column":10},"end":{"line":72,"column":null}},"11":{"start":{"line":83,"column":2},"end":{"line":84,"column":null}},"12":{"start":{"line":93,"column":2},"end":{"line":93,"column":null}},"13":{"start":{"line":93,"column":47},"end":{"line":93,"column":null}},"14":{"start":{"line":94,"column":2},"end":{"line":99,"column":null}},"15":{"start":{"line":95,"column":4},"end":{"line":98,"column":null}},"16":{"start":{"line":100,"column":2},"end":{"line":105,"column":null}},"17":{"start":{"line":101,"column":4},"end":{"line":104,"column":null}},"18":{"start":{"line":106,"column":2},"end":{"line":108,"column":null}},"19":{"start":{"line":107,"column":4},"end":{"line":107,"column":null}},"20":{"start":{"line":107,"column":33},"end":{"line":107,"column":68}},"21":{"start":{"line":109,"column":2},"end":{"line":109,"column":null}},"22":{"start":{"line":116,"column":2},"end":{"line":119,"column":null}}},"fnMap":{"0":{"name":"validateBody","decl":{"start":{"line":38,"column":16},"end":{"line":38,"column":null}},"loc":{"start":{"line":41,"column":10},"end":{"line":47,"column":null}},"line":41},"1":{"name":"createValidationPipe","decl":{"start":{"line":49,"column":16},"end":{"line":49,"column":null}},"loc":{"start":{"line":52,"column":10},"end":{"line":77,"column":null}},"line":52},"2":{"name":"(anonymous_2)","decl":{"start":{"line":55,"column":9},"end":{"line":55,"column":16}},"loc":{"start":{"line":55,"column":34},"end":{"line":76,"column":null}},"line":55},"3":{"name":"(anonymous_3)","decl":{"start":{"line":57,"column":44},"end":{"line":57,"column":52}},"loc":{"start":{"line":58,"column":8},"end":{"line":58,"column":null}},"line":58},"4":{"name":"parameterMatchesRule","decl":{"start":{"line":79,"column":9},"end":{"line":79,"column":null}},"loc":{"start":{"line":82,"column":11},"end":{"line":86,"column":null}},"line":82},"5":{"name":"toValidationIssues","decl":{"start":{"line":88,"column":9},"end":{"line":88,"column":null}},"loc":{"start":{"line":92,"column":21},"end":{"line":110,"column":null}},"line":92},"6":{"name":"(anonymous_6)","decl":{"start":{"line":107,"column":18},"end":{"line":107,"column":23}},"loc":{"start":{"line":107,"column":33},"end":{"line":107,"column":68}},"line":107},"7":{"name":"withFallbackField","decl":{"start":{"line":112,"column":9},"end":{"line":112,"column":null}},"loc":{"start":{"line":115,"column":19},"end":{"line":120,"column":null}},"line":115}},"branchMap":{"0":{"loc":{"start":{"line":40,"column":2},"end":{"line":40,"column":null}},"type":"default-arg","locations":[{"start":{"line":40,"column":35},"end":{"line":40,"column":null}}],"line":40},"1":{"loc":{"start":{"line":51,"column":2},"end":{"line":51,"column":null}},"type":"default-arg","locations":[{"start":{"line":51,"column":35},"end":{"line":51,"column":null}}],"line":51},"2":{"loc":{"start":{"line":53,"column":26},"end":{"line":53,"column":null}},"type":"cond-expr","locations":[{"start":{"line":53,"column":49},"end":{"line":53,"column":57}},{"start":{"line":53,"column":57},"end":{"line":53,"column":null}}],"line":53},"3":{"loc":{"start":{"line":68,"column":10},"end":{"line":68,"column":null}},"type":"binary-expr","locations":[{"start":{"line":68,"column":10},"end":{"line":68,"column":26}},{"start":{"line":68,"column":26},"end":{"line":68,"column":45}},{"start":{"line":68,"column":45},"end":{"line":68,"column":null}}],"line":68},"4":{"loc":{"start":{"line":71,"column":8},"end":{"line":73,"column":null}},"type":"if","locations":[{"start":{"line":71,"column":8},"end":{"line":73,"column":null}},{"start":{},"end":{}}],"line":71},"5":{"loc":{"start":{"line":83,"column":9},"end":{"line":84,"column":null}},"type":"binary-expr","locations":[{"start":{"line":83,"column":9},"end":{"line":83,"column":null}},{"start":{"line":84,"column":4},"end":{"line":84,"column":30}},{"start":{"line":84,"column":30},"end":{"line":84,"column":null}}],"line":83},"6":{"loc":{"start":{"line":93,"column":2},"end":{"line":93,"column":null}},"type":"if","locations":[{"start":{"line":93,"column":2},"end":{"line":93,"column":null}},{"start":{},"end":{}}],"line":93},"7":{"loc":{"start":{"line":93,"column":6},"end":{"line":93,"column":47}},"type":"binary-expr","locations":[{"start":{"line":93,"column":6},"end":{"line":93,"column":30}},{"start":{"line":93,"column":30},"end":{"line":93,"column":47}}],"line":93},"8":{"loc":{"start":{"line":94,"column":2},"end":{"line":99,"column":null}},"type":"if","locations":[{"start":{"line":94,"column":2},"end":{"line":99,"column":null}},{"start":{},"end":{}}],"line":94},"9":{"loc":{"start":{"line":100,"column":2},"end":{"line":105,"column":null}},"type":"if","locations":[{"start":{"line":100,"column":2},"end":{"line":105,"column":null}},{"start":{},"end":{}}],"line":100},"10":{"loc":{"start":{"line":106,"column":2},"end":{"line":108,"column":null}},"type":"if","locations":[{"start":{"line":106,"column":2},"end":{"line":108,"column":null}},{"start":{},"end":{}}],"line":106},"11":{"loc":{"start":{"line":118,"column":11},"end":{"line":118,"column":null}},"type":"binary-expr","locations":[{"start":{"line":118,"column":11},"end":{"line":118,"column":26}},{"start":{"line":118,"column":26},"end":{"line":118,"column":null}}],"line":118}},"s":{"0":2,"1":3,"2":3,"3":3,"4":3,"5":4,"6":3,"7":3,"8":3,"9":3,"10":3,"11":4,"12":3,"13":0,"14":3,"15":0,"16":3,"17":1,"18":2,"19":1,"20":2,"21":1,"22":3},"f":{"0":2,"1":3,"2":3,"3":4,"4":4,"5":3,"6":2,"7":3},"b":{"0":[2],"1":[3],"2":[0,3],"3":[3,3,3],"4":[3,0],"5":[4,3,1],"6":[0,3],"7":[3,3],"8":[0,3],"9":[1,2],"10":[1,1],"11":[3,1]},"meta":{"lastBranch":12,"lastFunction":8,"lastStatement":23,"seen":{"f:38:16:38:Infinity":0,"b:40:35:40:Infinity":0,"s:42:2:46:Infinity":0,"f:49:16:49:Infinity":1,"b:51:35:51:Infinity":1,"s:53:26:53:Infinity":1,"b:53:49:53:57:53:57:53:Infinity":2,"s:55:2:76:Infinity":2,"f:55:9:55:16":2,"s:56:4:75:Infinity":3,"s:57:25:59:Infinity":4,"f:57:44:57:52":3,"s:58:8:58:Infinity":5,"s:61:6:74:Infinity":6,"s:62:23:65:Infinity":7,"s:66:23:70:Infinity":8,"b:68:10:68:26:68:26:68:45:68:45:68:Infinity":3,"b:71:8:73:Infinity:undefined:undefined:undefined:undefined":4,"s:71:8:73:Infinity":9,"s:72:10:72:Infinity":10,"f:79:9:79:Infinity":4,"s:83:2:84:Infinity":11,"b:83:9:83:Infinity:84:4:84:30:84:30:84:Infinity":5,"f:88:9:88:Infinity":5,"b:93:2:93:Infinity:undefined:undefined:undefined:undefined":6,"s:93:2:93:Infinity":12,"b:93:6:93:30:93:30:93:47":7,"s:93:47:93:Infinity":13,"b:94:2:99:Infinity:undefined:undefined:undefined:undefined":8,"s:94:2:99:Infinity":14,"s:95:4:98:Infinity":15,"b:100:2:105:Infinity:undefined:undefined:undefined:undefined":9,"s:100:2:105:Infinity":16,"s:101:4:104:Infinity":17,"b:106:2:108:Infinity:undefined:undefined:undefined:undefined":10,"s:106:2:108:Infinity":18,"s:107:4:107:Infinity":19,"f:107:18:107:23":6,"s:107:33:107:68":20,"s:109:2:109:Infinity":21,"f:112:9:112:Infinity":7,"s:116:2:119:Infinity":22,"b:118:11:118:26:118:26:118:Infinity":11},"fnNames":{}}}
}
