TN:
SF:cli/src/commands/doctor.command.ts
FN:13,checkDependencies
FN:36,(anonymous_1)
FN:56,checkTsConfig
FN:130,checkWrangler
FN:205,stripTomlComments
FN:208,(anonymous_5)
FN:212,checkWorkerEntry
FN:228,printDiagnostic
FN:249,doctorCommand
FN:252,(anonymous_9)
FN:282,(anonymous_10)
FN:283,(anonymous_11)
FNF:12
FNH:12
FNDA:2,checkDependencies
FNDA:2,(anonymous_1)
FNDA:2,checkTsConfig
FNDA:2,checkWrangler
FNDA:2,stripTomlComments
FNDA:36,(anonymous_5)
FNDA:2,checkWorkerEntry
FNDA:4,printDiagnostic
FNDA:1,doctorCommand
FNDA:1,(anonymous_9)
FNDA:8,(anonymous_10)
FNDA:8,(anonymous_11)
DA:14,2
DA:15,2
DA:16,0
DA:23,2
DA:24,2
DA:25,2
DA:27,2
DA:28,0
DA:35,2
DA:36,2
DA:38,2
DA:39,2
DA:42,0
DA:48,0
DA:57,2
DA:58,2
DA:59,0
DA:68,2
DA:70,2
DA:71,2
DA:72,2
DA:74,2
DA:87,2
DA:88,4
DA:89,4
DA:91,0
DA:100,2
DA:101,2
DA:102,2
DA:103,2
DA:107,0
DA:108,0
DA:114,0
DA:120,0
DA:127,2
DA:131,2
DA:132,2
DA:133,0
DA:142,2
DA:143,2
DA:146,2
DA:147,2
DA:148,0
DA:154,0
DA:155,0
DA:156,0
DA:161,0
DA:168,2
DA:175,2
DA:176,2
DA:181,0
DA:189,2
DA:190,2
DA:195,0
DA:202,2
DA:206,2
DA:208,36
DA:213,2
DA:214,2
DA:215,2
DA:221,0
DA:232,4
DA:234,4
DA:236,4
DA:237,8
DA:238,8
DA:239,8
DA:241,8
DA:242,0
DA:246,4
DA:250,1
DA:251,1
DA:252,1
DA:253,1
DA:255,1
DA:256,1
DA:258,1
DA:263,1
DA:266,1
DA:269,1
DA:272,1
DA:275,1
DA:282,8
DA:283,8
DA:285,1
DA:286,1
DA:290,0
DA:295,0
DA:302,1
LF:89
LH:67
BRDA:15,0,0,0
BRDA:15,0,1,2
BRDA:27,1,0,0
BRDA:27,1,1,2
BRDA:38,2,0,2
BRDA:38,2,1,0
BRDA:58,3,0,0
BRDA:58,3,1,2
BRDA:72,4,0,2
BRDA:72,4,1,0
BRDA:88,5,0,4
BRDA:88,5,1,0
BRDA:100,6,0,2
BRDA:100,6,1,0
BRDA:102,7,0,2
BRDA:102,7,1,0
BRDA:107,8,0,0
BRDA:107,8,1,0
BRDA:132,9,0,0
BRDA:132,9,1,2
BRDA:147,10,0,0
BRDA:147,10,1,2
BRDA:155,11,0,0
BRDA:155,11,1,0
BRDA:175,12,0,2
BRDA:175,12,1,0
BRDA:189,13,0,2
BRDA:189,13,1,0
BRDA:214,14,0,2
BRDA:214,14,1,0
BRDA:232,15,0,2
BRDA:232,15,1,2
BRDA:237,16,0,8
BRDA:237,16,1,0
BRDA:238,17,0,8
BRDA:238,17,1,0
BRDA:241,18,0,0
BRDA:241,18,1,8
BRDA:241,19,0,8
BRDA:241,19,1,0
BRDA:285,20,0,1
BRDA:285,20,1,0
BRF:42
BRH:20
end_of_record
TN:
SF:cli/src/commands/info.command.ts
FN:8,getCliVersion
FN:21,getFrameworkVersion
FN:39,infoCommand
FN:42,(anonymous_3)
FNF:4
FNH:4
FNDA:1,getCliVersion
FNDA:1,getFrameworkVersion
FNDA:1,infoCommand
FNDA:1,(anonymous_3)
DA:9,1
DA:10,1
DA:11,1
DA:12,1
DA:13,1
DA:18,0
DA:22,1
DA:29,1
DA:30,0
DA:31,0
DA:36,1
DA:40,1
DA:41,1
DA:42,1
DA:43,1
DA:45,1
DA:46,1
DA:48,1
DA:49,1
DA:52,1
DA:53,1
DA:54,1
DA:56,0
DA:58,1
DA:59,1
DA:60,1
DA:61,1
DA:64,1
DA:68,1
DA:69,1
DA:70,1
DA:73,1
DA:76,1
DA:79,1
DA:83,1
DA:89,1
LF:36
LH:32
BRDA:11,0,0,1
BRDA:11,0,1,0
BRDA:13,1,0,1
BRDA:13,1,1,0
BRDA:29,2,0,0
BRDA:29,2,1,1
BRDA:31,3,0,0
BRDA:31,3,1,0
BRDA:52,4,0,1
BRDA:52,4,1,0
BRDA:54,5,0,0
BRDA:54,5,1,1
BRDA:65,6,0,1
BRDA:65,6,1,0
BRDA:71,7,0,1
BRDA:71,7,1,0
BRDA:74,8,0,1
BRDA:74,8,1,0
BRDA:77,9,0,1
BRDA:77,9,1,0
BRDA:80,10,0,1
BRDA:80,10,1,0
BRF:22
BRH:10
end_of_record
TN:
SF:cli/src/commands/list.command.ts
FN:13,scanModules
FN:24,(anonymous_1)
FN:40,scanCommon
FN:51,(anonymous_3)
FN:89,printTree
FN:125,listCommand
FN:128,(anonymous_6)
FNF:7
FNH:7
FNDA:1,scanModules
FNDA:10,(anonymous_1)
FNDA:1,scanCommon
FNDA:6,(anonymous_3)
FNDA:2,printTree
FNDA:1,listCommand
FNDA:1,(anonymous_6)
DA:14,1
DA:15,1
DA:17,1
DA:18,1
DA:20,1
DA:21,4
DA:23,4
DA:24,4
DA:25,10
DA:28,4
DA:29,4
DA:37,1
DA:41,1
DA:42,1
DA:44,1
DA:45,1
DA:47,1
DA:48,4
DA:49,4
DA:51,4
DA:52,6
DA:55,4
DA:56,4
DA:70,1
DA:73,1
DA:81,1
DA:94,2
DA:95,0
DA:96,0
DA:99,2
DA:100,8
DA:101,8
DA:102,8
DA:103,8
DA:105,8
DA:109,8
DA:110,15
DA:111,15
DA:114,15
DA:115,15
DA:118,8
DA:120,6
DA:126,1
DA:127,1
DA:128,1
DA:129,1
DA:130,1
DA:132,1
DA:133,0
DA:136,0
DA:141,0
DA:144,1
DA:146,1
DA:147,1
DA:149,1
DA:150,0
DA:151,0
DA:156,0
DA:159,1
DA:160,1
DA:161,1
DA:162,1
DA:165,1
DA:166,1
DA:167,1
DA:168,1
DA:171,1
LF:67
LH:59
BRDA:15,0,0,0
BRDA:15,0,1,1
BRDA:21,1,0,0
BRDA:21,1,1,4
BRDA:21,2,0,4
BRDA:21,2,1,4
BRDA:25,3,0,10
BRDA:25,3,1,9
BRDA:28,4,0,4
BRDA:28,4,1,0
BRDA:42,5,0,0
BRDA:42,5,1,1
BRDA:49,6,0,0
BRDA:49,6,1,4
BRDA:52,7,0,6
BRDA:52,7,1,6
BRDA:55,8,0,4
BRDA:55,8,1,0
BRDA:58,9,0,1
BRDA:58,9,1,3
BRDA:60,10,0,1
BRDA:60,10,1,2
BRDA:62,11,0,1
BRDA:62,11,1,1
BRDA:94,12,0,0
BRDA:94,12,1,2
BRDA:101,13,0,2
BRDA:101,13,1,6
BRDA:111,14,0,3
BRDA:111,14,1,12
BRDA:114,15,0,8
BRDA:114,15,1,7
BRDA:118,16,0,6
BRDA:118,16,1,2
BRDA:132,17,0,0
BRDA:132,17,1,1
BRDA:149,18,0,0
BRDA:149,18,1,1
BRDA:149,19,0,1
BRDA:149,19,1,0
BRDA:159,20,0,1
BRDA:159,20,1,0
BRDA:165,21,0,1
BRDA:165,21,1,0
BRF:44
BRH:32
end_of_record
TN:
SF:cli/src/commands/new.command.ts
FN:9,newCommand
FN:17,(anonymous_1)
FN:95,packageJson
FN:127,pnpmWorkspaceYaml
FN:135,tsconfigJson
FN:160,wranglerToml
FN:178,gitignore
FN:187,workerTs
FN:202,appModuleTs
FN:215,appControllerTs
FN:231,appServiceTs
FN:243,healthControllerTs
FN:259,appErrorFilterTs
FN:275,appExceptionTs
FN:287,appConfigTs
FNF:15
FNH:15
FNDA:3,newCommand
FNDA:3,(anonymous_1)
FNDA:3,packageJson
FNDA:3,pnpmWorkspaceYaml
FNDA:3,tsconfigJson
FNDA:3,wranglerToml
FNDA:3,gitignore
FNDA:3,workerTs
FNDA:3,appModuleTs
FNDA:3,appControllerTs
FNDA:3,appServiceTs
FNDA:3,healthControllerTs
FNDA:3,appErrorFilterTs
FNDA:3,appExceptionTs
FNDA:3,appConfigTs
DA:10,3
DA:11,3
DA:18,3
DA:21,3
DA:22,0
DA:23,0
DA:26,3
DA:28,3
DA:35,3
DA:43,18
DA:46,3
DA:63,3
DA:64,42
DA:65,42
DA:66,42
DA:70,3
DA:71,0
DA:72,0
DA:73,0
DA:75,0
DA:81,3
DA:84,3
DA:85,3
DA:86,3
DA:87,3
DA:88,3
DA:90,3
DA:96,3
DA:128,3
DA:136,3
DA:161,3
DA:179,3
DA:188,3
DA:203,3
DA:216,3
DA:232,3
DA:244,3
DA:260,3
DA:276,3
DA:288,3
LF:40
LH:34
BRDA:21,0,0,0
BRDA:21,0,1,3
BRDA:70,1,0,0
BRDA:70,1,1,3
BRF:4
BRH:2
end_of_record
TN:
SF:cli/src/commands/generate/generate.command.ts
FN:23,projectGuard
FN:38,successSummary
FN:46,pluralKebab
FN:50,ensureModuleDir
FN:55,ensureCommonDir
FN:60,writeFileWithForce
FN:76,createModuleCommand
FN:81,(anonymous_7)
FN:108,buildModuleTemplate
FN:125,createControllerCommand
FN:130,(anonymous_10)
FN:157,buildControllerTemplate
FN:221,createServiceCommand
FN:226,(anonymous_13)
FN:253,buildServiceTemplate
FN:310,createResourceCommand
FN:317,(anonymous_16)
FN:406,buildResourceModuleTemplate
FN:429,buildResourceControllerTemplate
FN:502,buildResourceServiceTemplate
FN:557,createGuardCommand
FN:562,(anonymous_21)
FN:589,buildGuardTemplate
FN:627,createMiddlewareCommand
FN:632,(anonymous_24)
FN:659,buildMiddlewareTemplate
FN:684,createExceptionCommand
FN:691,(anonymous_27)
FN:719,buildExceptionTemplate
FN:741,createFilterCommand
FN:746,(anonymous_30)
FN:777,buildFilterTemplate
FN:805,createRepositoryCommand
FN:810,(anonymous_33)
FN:837,buildRepositoryTemplate
FN:858,createModelCommand
FN:863,(anonymous_36)
FN:890,buildModelTemplate
FN:911,createDtoCommand
FN:916,(anonymous_39)
FN:953,buildCreateDtoTemplate
FN:965,buildUpdateDtoTemplate
FN:982,createProviderCommand
FN:992,(anonymous_43)
FN:1023,buildProviderTemplate
FN:1098,createMigrationCommand
FN:1103,(anonymous_46)
FN:1150,createSeedCommand
FN:1155,(anonymous_48)
FN:1201,createEnvCommand
FN:1214,(anonymous_50)
FN:1291,generateCommand
FN:1313,(anonymous_52)
FN:1322,buildMigrationTemplate
FNF:54
FNH:53
FNDA:18,projectGuard
FNDA:17,successSummary
FNDA:10,pluralKebab
FNDA:7,ensureModuleDir
FNDA:5,ensureCommonDir
FNDA:25,writeFileWithForce
FNDA:18,createModuleCommand
FNDA:1,(anonymous_7)
FNDA:1,buildModuleTemplate
FNDA:18,createControllerCommand
FNDA:1,(anonymous_10)
FNDA:1,buildControllerTemplate
FNDA:18,createServiceCommand
FNDA:1,(anonymous_13)
FNDA:1,buildServiceTemplate
FNDA:18,createResourceCommand
FNDA:1,(anonymous_16)
FNDA:1,buildResourceModuleTemplate
FNDA:1,buildResourceControllerTemplate
FNDA:1,buildResourceServiceTemplate
FNDA:18,createGuardCommand
FNDA:1,(anonymous_21)
FNDA:1,buildGuardTemplate
FNDA:18,createMiddlewareCommand
FNDA:1,(anonymous_24)
FNDA:1,buildMiddlewareTemplate
FNDA:18,createExceptionCommand
FNDA:1,(anonymous_27)
FNDA:1,buildExceptionTemplate
FNDA:18,createFilterCommand
FNDA:2,(anonymous_30)
FNDA:2,buildFilterTemplate
FNDA:18,createRepositoryCommand
FNDA:1,(anonymous_33)
FNDA:2,buildRepositoryTemplate
FNDA:18,createModelCommand
FNDA:1,(anonymous_36)
FNDA:2,buildModelTemplate
FNDA:18,createDtoCommand
FNDA:1,(anonymous_39)
FNDA:2,buildCreateDtoTemplate
FNDA:2,buildUpdateDtoTemplate
FNDA:18,createProviderCommand
FNDA:3,(anonymous_43)
FNDA:3,buildProviderTemplate
FNDA:18,createMigrationCommand
FNDA:1,(anonymous_46)
FNDA:18,createSeedCommand
FNDA:1,(anonymous_48)
FNDA:18,createEnvCommand
FNDA:1,(anonymous_50)
FNDA:18,generateCommand
FNDA:0,(anonymous_52)
FNDA:1,buildMigrationTemplate
DA:24,18
DA:25,18
DA:26,18
DA:27,0
DA:28,0
DA:33,0
DA:35,18
DA:39,17
DA:40,17
DA:41,25
DA:43,17
DA:47,10
DA:51,7
DA:52,7
DA:56,5
DA:57,5
DA:65,25
DA:66,0
DA:68,25
DA:69,25
DA:77,18
DA:78,18
DA:79,18
DA:80,18
DA:81,18
DA:82,1
DA:83,1
DA:84,1
DA:85,1
DA:86,1
DA:87,1
DA:88,1
DA:90,1
DA:92,1
DA:93,1
DA:95,1
DA:96,1
DA:98,0
DA:105,18
DA:109,1
DA:110,1
DA:126,18
DA:127,18
DA:128,18
DA:129,18
DA:130,18
DA:131,1
DA:132,1
DA:133,1
DA:134,1
DA:135,1
DA:136,1
DA:137,1
DA:139,1
DA:141,1
DA:142,1
DA:144,1
DA:145,1
DA:147,0
DA:154,18
DA:158,1
DA:159,1
DA:160,1
DA:161,1
DA:163,1
DA:222,18
DA:223,18
DA:224,18
DA:225,18
DA:226,18
DA:227,1
DA:228,1
DA:229,1
DA:230,1
DA:231,1
DA:232,1
DA:233,1
DA:235,1
DA:237,1
DA:238,1
DA:240,1
DA:241,1
DA:243,0
DA:250,18
DA:254,1
DA:255,1
DA:256,1
DA:257,1
DA:258,1
DA:260,1
DA:311,18
DA:312,18
DA:315,18
DA:316,18
DA:317,18
DA:318,1
DA:319,1
DA:320,1
DA:321,1
DA:322,1
DA:323,1
DA:324,1
DA:326,1
DA:327,1
DA:330,1
DA:331,1
DA:333,1
DA:334,1
DA:335,1
DA:336,1
DA:337,1
DA:340,1
DA:383,1
DA:384,1
DA:386,1
DA:387,8
DA:388,8
DA:389,0
DA:392,1
DA:393,1
DA:395,1
DA:396,0
DA:397,0
DA:398,0
DA:400,0
DA:403,18
DA:407,1
DA:408,1
DA:409,1
DA:410,1
DA:411,1
DA:412,1
DA:413,1
DA:415,1
DA:430,1
DA:431,1
DA:432,1
DA:434,1
DA:503,1
DA:504,1
DA:505,1
DA:507,1
DA:558,18
DA:559,18
DA:560,18
DA:561,18
DA:562,18
DA:563,1
DA:564,1
DA:565,1
DA:566,1
DA:567,1
DA:568,1
DA:569,1
DA:571,1
DA:573,1
DA:574,1
DA:576,1
DA:577,1
DA:579,0
DA:586,18
DA:590,1
DA:592,1
DA:628,18
DA:629,18
DA:630,18
DA:631,18
DA:632,18
DA:633,1
DA:634,1
DA:635,1
DA:636,1
DA:637,1
DA:638,1
DA:639,1
DA:641,1
DA:643,1
DA:644,1
DA:646,1
DA:647,1
DA:649,0
DA:656,18
DA:660,1
DA:662,1
DA:685,18
DA:686,18
DA:687,18
DA:688,18
DA:689,18
DA:690,18
DA:692,1
DA:693,1
DA:694,1
DA:695,1
DA:696,1
DA:697,1
DA:698,1
DA:700,1
DA:702,1
DA:703,1
DA:705,1
DA:706,1
DA:708,0
DA:716,18
DA:720,1
DA:721,1
DA:723,1
DA:742,18
DA:743,18
DA:744,18
DA:745,18
DA:746,18
DA:747,2
DA:748,2
DA:749,2
DA:750,2
DA:751,2
DA:752,2
DA:753,2
DA:755,2
DA:757,2
DA:758,2
DA:764,2
DA:765,2
DA:767,0
DA:774,18
DA:778,2
DA:780,2
DA:806,18
DA:807,18
DA:808,18
DA:809,18
DA:810,18
DA:811,1
DA:812,1
DA:813,1
DA:814,1
DA:815,1
DA:816,1
DA:817,1
DA:819,1
DA:821,1
DA:822,1
DA:824,1
DA:825,1
DA:827,0
DA:834,18
DA:838,2
DA:839,2
DA:840,2
DA:842,2
DA:859,18
DA:860,18
DA:861,18
DA:862,18
DA:863,18
DA:864,1
DA:865,1
DA:866,1
DA:867,1
DA:868,1
DA:869,1
DA:870,1
DA:872,1
DA:874,1
DA:875,1
DA:877,1
DA:878,1
DA:880,0
DA:887,18
DA:891,2
DA:892,2
DA:894,2
DA:912,18
DA:913,18
DA:914,18
DA:915,18
DA:916,18
DA:917,1
DA:918,1
DA:919,1
DA:920,1
DA:921,1
DA:923,1
DA:925,1
DA:926,1
DA:928,1
DA:929,1
DA:931,1
DA:932,1
DA:934,1
DA:935,1
DA:936,1
DA:938,1
DA:939,1
DA:942,1
DA:943,1
DA:945,0
DA:950,18
DA:954,2
DA:956,2
DA:966,2
DA:968,2
DA:983,18
DA:984,18
DA:985,18
DA:986,18
DA:987,18
DA:992,18
DA:993,3
DA:994,3
DA:995,3
DA:996,3
DA:997,3
DA:998,3
DA:999,3
DA:1000,3
DA:1002,3
DA:1004,3
DA:1005,3
DA:1007,3
DA:1008,3
DA:1013,0
DA:1020,18
DA:1024,3
DA:1025,3
DA:1026,3
DA:1027,3
DA:1029,3
DA:1030,1
DA:1046,2
DA:1047,1
DA:1067,1
DA:1099,18
DA:1100,18
DA:1101,18
DA:1102,18
DA:1103,18
DA:1104,1
DA:1105,1
DA:1106,1
DA:1107,1
DA:1108,1
DA:1109,1
DA:1110,1
DA:1112,1
DA:1114,1
DA:1127,1
DA:1133,1
DA:1134,1
DA:1136,0
DA:1143,18
DA:1151,18
DA:1152,18
DA:1153,18
DA:1154,18
DA:1155,18
DA:1156,1
DA:1157,1
DA:1158,1
DA:1159,1
DA:1160,1
DA:1161,1
DA:1162,1
DA:1163,1
DA:1165,1
DA:1167,1
DA:1168,1
DA:1182,1
DA:1184,1
DA:1185,1
DA:1187,0
DA:1194,18
DA:1202,18
DA:1203,18
DA:1206,18
DA:1207,18
DA:1208,18
DA:1213,18
DA:1214,18
DA:1219,1
DA:1220,1
DA:1221,1
DA:1222,1
DA:1224,1
DA:1225,0
DA:1226,0
DA:1229,0
DA:1230,0
DA:1232,0
DA:1234,0
DA:1237,1
DA:1240,1
DA:1241,1
DA:1242,0
DA:1243,0
DA:1248,0
DA:1251,0
DA:1252,0
DA:1253,0
DA:1256,0
DA:1260,1
DA:1262,0
DA:1268,1
DA:1271,1
DA:1272,1
DA:1274,1
DA:1275,1
DA:1276,1
DA:1284,18
DA:1292,18
DA:1293,18
DA:1294,18
DA:1296,18
DA:1297,18
DA:1298,18
DA:1299,18
DA:1300,18
DA:1301,18
DA:1302,18
DA:1303,18
DA:1304,18
DA:1305,18
DA:1306,18
DA:1307,18
DA:1308,18
DA:1309,18
DA:1310,18
DA:1313,18
DA:1315,18
DA:1323,1
DA:1324,1
DA:1326,1
LF:433
LH:397
BRDA:26,0,0,0
BRDA:26,0,1,18
BRDA:65,1,0,0
BRDA:65,1,1,25
BRDA:65,2,0,25
BRDA:65,2,1,0
BRDA:93,3,0,1
BRDA:93,3,1,1
BRDA:95,4,0,1
BRDA:95,4,1,0
BRDA:142,5,0,1
BRDA:142,5,1,1
BRDA:144,6,0,1
BRDA:144,6,1,0
BRDA:238,7,0,1
BRDA:238,7,1,1
BRDA:240,8,0,1
BRDA:240,8,1,0
BRDA:324,9,0,1
BRDA:324,9,1,1
BRDA:388,10,0,8
BRDA:388,10,1,0
BRDA:392,11,0,1
BRDA:392,11,1,0
BRDA:395,12,0,0
BRDA:395,12,1,1
BRDA:574,13,0,1
BRDA:574,13,1,1
BRDA:576,14,0,1
BRDA:576,14,1,0
BRDA:644,15,0,1
BRDA:644,15,1,1
BRDA:646,16,0,1
BRDA:646,16,1,0
BRDA:703,17,0,1
BRDA:703,17,1,1
BRDA:705,18,0,1
BRDA:705,18,1,0
BRDA:721,19,0,1
BRDA:721,19,1,0
BRDA:761,20,0,2
BRDA:761,20,1,2
BRDA:764,21,0,2
BRDA:764,21,1,0
BRDA:822,22,0,1
BRDA:822,22,1,1
BRDA:824,23,0,1
BRDA:824,23,1,0
BRDA:875,24,0,1
BRDA:875,24,1,1
BRDA:877,25,0,1
BRDA:877,25,1,0
BRDA:921,26,0,1
BRDA:921,26,1,1
BRDA:935,27,0,1
BRDA:935,27,1,0
BRDA:938,28,0,1
BRDA:938,28,1,0
BRDA:942,29,0,1
BRDA:942,29,1,0
BRDA:1000,30,0,3
BRDA:1000,30,1,0
BRDA:1005,31,0,3
BRDA:1005,31,1,3
BRDA:1007,32,0,3
BRDA:1007,32,1,0
BRDA:1029,33,0,1
BRDA:1029,33,1,2
BRDA:1046,34,0,1
BRDA:1046,34,1,1
BRDA:1130,35,0,1
BRDA:1130,35,1,1
BRDA:1133,36,0,1
BRDA:1133,36,1,0
BRDA:1182,37,0,1
BRDA:1182,37,1,1
BRDA:1184,38,0,1
BRDA:1184,38,1,0
BRDA:1221,39,0,1
BRDA:1221,39,1,0
BRDA:1224,40,0,0
BRDA:1224,40,1,1
BRDA:1229,41,0,0
BRDA:1229,41,1,0
BRDA:1241,42,0,0
BRDA:1241,42,1,1
BRDA:1242,43,0,0
BRDA:1242,43,1,0
BRDA:1260,44,0,0
BRDA:1260,44,1,1
BRDA:1274,45,0,1
BRDA:1274,45,1,0
BRF:92
BRH:60
end_of_record
TN:
SF:cli/src/utils/file-system.ts
FN:8,exists
FN:12,ensureDir
FN:16,createFile
FN:28,createFileSafe
FN:42,migrationTimestamp
FNF:5
FNH:4
FNDA:25,exists
FNDA:79,ensureDir
FNDA:42,createFile
FNDA:0,createFileSafe
FNDA:4,migrationTimestamp
DA:5,1
DA:6,1
DA:9,25
DA:13,79
DA:20,42
DA:21,42
DA:32,0
DA:33,0
DA:35,0
DA:36,0
DA:43,4
DA:44,4
DA:45,4
DA:46,4
DA:47,4
DA:48,4
DA:49,4
DA:50,4
LF:18
LH:14
BRDA:32,0,0,0
BRDA:32,0,1,0
BRF:2
BRH:0
end_of_record
TN:
SF:cli/src/utils/naming.ts
FN:19,parseName
FN:25,(anonymous_1)
FN:33,(anonymous_2)
FN:39,capitalize
FN:47,pluralize
FN:61,moduleDirName
FN:68,fileName
FNF:7
FNH:7
FNDA:36,parseName
FNDA:49,(anonymous_1)
FNDA:49,(anonymous_2)
FNDA:111,capitalize
FNDA:10,pluralize
FNDA:14,moduleDirName
FNDA:15,fileName
DA:22,36
DA:25,49
DA:28,36
DA:30,36
DA:33,49
DA:40,111
DA:48,10
DA:50,10
DA:51,9
DA:52,9
DA:53,9
DA:54,9
DA:62,14
DA:69,15
LF:14
LH:14
BRDA:22,0,0,36
BRDA:22,0,1,0
BRDA:28,1,0,0
BRDA:28,1,1,36
BRDA:33,2,0,36
BRDA:33,2,1,13
BRDA:50,3,0,1
BRDA:50,3,1,9
BRDA:50,4,0,10
BRDA:50,4,1,1
BRDA:51,5,0,0
BRDA:51,5,1,9
BRDA:52,6,0,0
BRDA:52,6,1,9
BRDA:53,7,0,0
BRDA:53,7,1,9
BRF:16
BRH:11
end_of_record
TN:
SF:cli/src/utils/project.ts
FN:21,detectProject
FN:57,findProjectRoot
FNF:2
FNH:2
FNDA:21,detectProject
FNDA:21,findProjectRoot
DA:22,21
DA:23,21
DA:25,21
DA:26,21
DA:28,21
DA:29,21
DA:30,21
DA:31,21
DA:32,21
DA:42,21
DA:58,21
DA:60,21
DA:61,21
DA:62,21
DA:64,0
DA:65,0
DA:66,0
DA:68,0
LF:18
LH:14
BRDA:28,0,0,21
BRDA:28,0,1,0
BRDA:31,1,0,21
BRDA:31,1,1,0
BRDA:33,2,0,21
BRDA:33,2,1,0
BRDA:33,3,0,21
BRDA:33,3,1,21
BRDA:33,3,2,0
BRDA:33,3,3,0
BRDA:58,4,0,21
BRDA:58,4,1,21
BRDA:61,5,0,21
BRDA:61,5,1,0
BRDA:65,6,0,0
BRDA:65,6,1,0
BRDA:68,7,0,0
BRDA:68,7,1,0
BRF:18
BRH:8
end_of_record
TN:
SF:src/core/application.ts
FN:16,constructor
FN:22,bootstrap
FN:30,use
FN:35,useErrorFilter
FN:40,handle
FN:63,handler
FN:65,(anonymous_6)
FN:71,createApplication
FNF:8
FNH:8
FNDA:43,constructor
FNDA:43,bootstrap
FNDA:24,use
FNDA:3,useErrorFilter
FNDA:45,handle
FNDA:6,handler
FNDA:6,(anonymous_6)
FNDA:43,createApplication
DA:13,43
DA:14,43
DA:16,43
DA:17,43
DA:18,43
DA:19,43
DA:23,43
DA:24,43
DA:25,43
DA:26,43
DA:31,24
DA:32,24
DA:36,3
DA:37,3
DA:45,45
DA:47,45
DA:48,26
DA:49,25
DA:50,4
DA:54,40
DA:55,40
DA:57,1
DA:58,1
DA:64,6
DA:66,6
DA:72,43
LF:26
LH:26
BRDA:49,0,0,4
BRDA:49,0,1,21
BRF:2
BRH:2
end_of_record
TN:
SF:src/core/container.ts
FN:26,register
FN:31,createModuleContext
FN:68,registerProvider
FN:97,resolve
FN:105,resolveFromContext
FN:127,(anonymous_5)
FN:139,(anonymous_6)
FN:151,findProviderEntry
FN:168,resolveController
FN:180,(anonymous_9)
FN:186,getControllers
FNF:11
FNH:11
FNDA:52,register
FNDA:55,createModuleContext
FNDA:10,registerProvider
FNDA:10,resolve
FNDA:13,resolveFromContext
FNDA:1,(anonymous_5)
FNDA:1,(anonymous_6)
FNDA:12,findProviderEntry
FNDA:44,resolveController
FNDA:1,(anonymous_9)
FNDA:43,getControllers
DA:3,4
DA:4,4
DA:22,52
DA:23,52
DA:24,52
DA:27,52
DA:28,52
DA:32,55
DA:33,55
DA:35,55
DA:36,55
DA:45,55
DA:47,55
DA:48,55
DA:49,10
DA:52,55
DA:53,44
DA:56,55
DA:57,55
DA:58,3
DA:59,3
DA:62,55
DA:69,10
DA:70,6
DA:71,4
DA:72,4
DA:73,2
DA:77,2
DA:78,1
DA:83,1
DA:84,1
DA:89,0
DA:98,10
DA:99,0
DA:102,10
DA:109,13
DA:110,1
DA:113,12
DA:114,12
DA:115,3
DA:118,9
DA:121,9
DA:123,2
DA:124,2
DA:127,1
DA:128,1
DA:130,1
DA:131,1
DA:136,6
DA:138,6
DA:139,6
DA:140,1
DA:142,6
DA:143,6
DA:147,9
DA:148,9
DA:155,12
DA:156,12
DA:158,4
DA:159,3
DA:161,1
DA:162,1
DA:163,1
DA:169,44
DA:170,44
DA:171,0
DA:174,44
DA:175,0
DA:179,44
DA:180,44
DA:181,44
DA:182,44
DA:183,44
DA:187,43
LF:74
LH:70
BRDA:33,0,0,0
BRDA:33,0,1,55
BRDA:35,1,0,55
BRDA:35,1,1,0
BRDA:41,2,0,55
BRDA:41,2,1,52
BRDA:42,3,0,55
BRDA:42,3,1,9
BRDA:47,4,0,55
BRDA:47,4,1,45
BRDA:56,5,0,55
BRDA:56,5,1,52
BRDA:69,6,0,6
BRDA:69,6,1,4
BRDA:71,7,0,4
BRDA:71,7,1,0
BRDA:71,8,0,4
BRDA:71,8,1,4
BRDA:72,9,0,2
BRDA:72,9,1,2
BRDA:77,10,0,1
BRDA:77,10,1,1
BRDA:81,11,0,1
BRDA:81,11,1,1
BRDA:81,11,2,0
BRDA:83,12,0,1
BRDA:83,12,1,0
BRDA:98,13,0,0
BRDA:98,13,1,10
BRDA:109,14,0,1
BRDA:109,14,1,12
BRDA:114,15,0,3
BRDA:114,15,1,9
BRDA:121,16,0,2
BRDA:121,16,1,1
BRDA:121,16,2,6
BRDA:121,16,3,6
BRDA:138,17,0,6
BRDA:138,17,1,2
BRDA:156,18,0,8
BRDA:156,18,1,4
BRDA:159,19,0,2
BRDA:159,19,1,1
BRDA:162,20,0,1
BRDA:162,20,1,0
BRDA:170,21,0,0
BRDA:170,21,1,44
BRDA:174,22,0,0
BRDA:174,22,1,44
BRDA:179,23,0,44
BRDA:179,23,1,0
BRF:51
BRH:41
end_of_record
TN:
SF:src/core/exceptions.ts
FN:2,constructor
FN:11,toJSON
FN:19,toResponse
FN:28,constructor_2
FN:34,constructor_3
FN:40,constructor_4
FN:46,constructor_5
FN:52,constructor_6
FN:58,constructor_7
FNF:9
FNH:5
FNDA:9,constructor
FNDA:9,toJSON
FNDA:9,toResponse
FNDA:8,constructor_2
FNDA:0,constructor_3
FNDA:0,constructor_4
FNDA:1,constructor_5
FNDA:0,constructor_6
FNDA:0,constructor_7
DA:3,9
DA:4,9
DA:5,9
DA:7,9
DA:8,9
DA:12,9
DA:20,9
DA:29,8
DA:35,0
DA:41,0
DA:47,1
DA:53,0
DA:59,0
LF:13
LH:9
BRDA:15,0,0,4
BRDA:15,0,1,5
BRDA:28,1,0,8
BRDA:34,2,0,0
BRDA:40,3,0,0
BRDA:46,4,0,1
BRDA:52,5,0,0
BRDA:58,6,0,0
BRF:8
BRH:4
end_of_record
TN:
SF:src/core/middlewares.ts
FNF:0
FNH:0
LF:0
LH:0
BRF:0
BRH:0
end_of_record
TN:
SF:src/core/request-context.ts
FN:10,setCorsHeaders
FN:17,getCorsHeaders
FN:69,startRequestLogging
FN:76,setRequestLogError
FN:81,finalizeRequestLogging
FN:115,writeRequestLog
FN:134,createRequestId
FN:142,defaultFormatError
FN:167,now
FN:171,getStatusCode
FN:176,formatCause
FNF:11
FNH:11
FNDA:5,setCorsHeaders
FNDA:41,getCorsHeaders
FNDA:12,startRequestLogging
FNDA:18,setRequestLogError
FNDA:45,finalizeRequestLogging
FNDA:12,writeRequestLog
FNDA:4,createRequestId
FNDA:4,defaultFormatError
FNDA:24,now
FNDA:4,getStatusCode
FNDA:4,formatCause
DA:8,3
DA:14,5
DA:20,41
DA:67,3
DA:73,12
DA:77,18
DA:78,18
DA:85,45
DA:86,45
DA:88,12
DA:89,12
DA:90,12
DA:98,12
DA:99,5
DA:100,5
DA:103,12
DA:104,12
DA:106,12
DA:107,12
DA:109,1
DA:112,12
DA:119,12
DA:120,12
DA:121,12
DA:124,0
DA:125,0
DA:126,0
DA:129,0
DA:135,4
DA:136,4
DA:139,0
DA:145,4
DA:146,4
DA:150,4
DA:151,4
DA:152,4
DA:153,4
DA:154,4
DA:157,0
DA:158,0
DA:161,0
DA:168,24
DA:172,4
DA:173,4
DA:177,4
DA:178,4
DA:179,1
DA:180,0
LF:48
LH:39
BRDA:78,0,0,6
BRDA:78,0,1,12
BRDA:86,1,0,33
BRDA:86,1,1,12
BRDA:98,2,0,5
BRDA:98,2,1,7
BRDA:98,3,0,12
BRDA:98,3,1,11
BRDA:100,4,0,5
BRDA:100,4,1,0
BRDA:119,5,0,12
BRDA:119,5,1,0
BRDA:124,6,0,0
BRDA:124,6,1,0
BRDA:135,7,0,4
BRDA:135,7,1,0
BRDA:135,8,0,4
BRDA:135,8,1,4
BRDA:145,9,0,4
BRDA:145,9,1,0
BRDA:147,10,0,4
BRDA:147,10,1,0
BRDA:151,11,0,1
BRDA:151,11,1,3
BRDA:153,12,0,1
BRDA:153,12,1,3
BRDA:157,13,0,0
BRDA:157,13,1,0
BRDA:157,14,0,0
BRDA:157,14,1,0
BRDA:168,15,0,24
BRDA:168,15,1,0
BRDA:173,16,0,1
BRDA:173,16,1,3
BRDA:178,17,0,3
BRDA:178,17,1,1
BRDA:179,18,0,1
BRDA:179,18,1,0
BRF:38
BRH:25
end_of_record
TN:
SF:src/core/router.ts
FN:34,constructor
FN:39,registerController
FN:68,(anonymous_2)
FN:102,resolve
FN:140,handleError
FN:158,normalizePath
FN:162,methodMatches
FN:169,resolveHandlerArgs
FN:233,applyPipes
FN:248,toResponse
FN:260,jsonResponse
FN:267,toErrorResponse
FN:298,errorMessage
FN:309,toHeadResponse
FN:314,applyCorsHeaders
FNF:15
FNH:15
FNDA:43,constructor
FNDA:43,registerController
FNDA:39,(anonymous_2)
FNDA:40,resolve
FNDA:18,handleError
FNDA:43,normalizePath
FNDA:40,methodMatches
FNDA:38,resolveHandlerArgs
FNDA:36,applyPipes
FNDA:21,toResponse
FNDA:29,jsonResponse
FNDA:18,toErrorResponse
FNDA:6,errorMessage
FNDA:41,toHeadResponse
FNDA:41,applyCorsHeaders
DA:14,3
DA:15,3
DA:16,3
DA:17,3
DA:18,3
DA:19,3
DA:32,43
DA:35,43
DA:36,43
DA:40,43
DA:42,43
DA:44,43
DA:45,43
DA:47,43
DA:49,43
DA:50,43
DA:51,43
DA:53,43
DA:58,43
DA:61,43
DA:64,43
DA:70,39
DA:71,4
DA:72,4
DA:76,38
DA:81,39
DA:87,36
DA:95,32
DA:96,21
DA:107,40
DA:108,40
DA:110,40
DA:111,40
DA:112,40
DA:113,40
DA:114,39
DA:115,39
DA:116,39
DA:117,22
DA:119,17
DA:124,1
DA:146,18
DA:147,18
DA:152,18
DA:159,43
DA:163,40
DA:175,38
DA:176,38
DA:178,11
DA:179,11
DA:181,11
DA:184,14
DA:186,0
DA:187,0
DA:189,1
DA:190,1
DA:192,0
DA:193,0
DA:195,8
DA:196,8
DA:197,0
DA:199,8
DA:200,8
DA:202,2
DA:206,6
DA:209,8
DA:212,2
DA:213,2
DA:215,3
DA:218,3
DA:221,0
DA:224,0
DA:227,12
DA:230,9
DA:238,36
DA:240,36
DA:241,8
DA:242,4
DA:245,32
DA:249,21
DA:250,21
DA:251,0
DA:252,21
DA:253,0
DA:257,21
DA:261,29
DA:272,18
DA:273,3
DA:274,3
DA:275,3
DA:277,0
DA:281,16
DA:283,7
DA:284,18
DA:289,18
DA:290,6
DA:295,7
DA:299,6
DA:300,1
DA:302,0
DA:303,0
DA:305,0
DA:310,41
DA:311,2
DA:315,41
DA:316,41
DA:317,5
DA:318,5
DA:319,22
DA:321,5
LF:110
LH:97
BRDA:36,0,0,43
BRDA:40,1,0,43
BRDA:40,1,1,0
BRDA:42,2,0,43
BRDA:42,2,1,0
BRDA:44,3,0,43
BRDA:44,3,1,41
BRDA:45,4,0,43
BRDA:45,4,1,42
BRDA:53,5,0,43
BRDA:53,5,1,41
BRDA:58,6,0,43
BRDA:58,6,1,42
BRDA:61,7,0,43
BRDA:61,7,1,36
BRDA:72,8,0,1
BRDA:72,8,1,3
BRDA:76,9,0,38
BRDA:76,9,1,27
BRDA:111,10,0,0
BRDA:111,10,1,40
BRDA:113,11,0,39
BRDA:113,11,1,1
BRDA:159,12,0,43
BRDA:159,12,1,0
BRDA:164,13,0,40
BRDA:164,13,1,2
BRDA:164,13,2,2
BRDA:176,14,0,27
BRDA:176,14,1,11
BRDA:184,15,0,0
BRDA:184,15,1,1
BRDA:184,15,2,0
BRDA:184,15,3,8
BRDA:184,15,4,2
BRDA:184,15,5,3
BRDA:184,15,6,0
BRDA:189,16,0,1
BRDA:189,16,1,0
BRDA:192,17,0,0
BRDA:192,17,1,0
BRDA:195,18,0,8
BRDA:195,18,1,0
BRDA:196,19,0,0
BRDA:196,19,1,8
BRDA:206,20,0,0
BRDA:206,20,1,6
BRDA:212,21,0,2
BRDA:212,21,1,0
BRDA:215,22,0,2
BRDA:215,22,1,1
BRDA:221,23,0,0
BRDA:221,23,1,0
BRDA:242,24,0,4
BRDA:242,24,1,0
BRDA:248,25,0,21
BRDA:249,26,0,0
BRDA:249,26,1,21
BRDA:250,27,0,0
BRDA:250,27,1,21
BRDA:250,28,0,21
BRDA:250,28,1,21
BRDA:252,29,0,0
BRDA:252,29,1,21
BRDA:275,30,0,2
BRDA:275,30,1,1
BRDA:281,31,0,9
BRDA:281,31,1,7
BRDA:289,32,0,6
BRDA:289,32,1,12
BRDA:299,33,0,5
BRDA:299,33,1,1
BRDA:300,34,0,1
BRDA:300,34,1,0
BRDA:310,35,0,39
BRDA:310,35,1,2
BRDA:316,36,0,36
BRDA:316,36,1,5
BRF:78
BRH:57
end_of_record
TN:
SF:src/core/types.ts
FN:100,sanitizeIdentifier
FNF:1
FNH:1
FNDA:104,sanitizeIdentifier
DA:101,104
DA:102,103
DA:103,15
DA:105,88
LF:4
LH:4
BRDA:101,0,0,1
BRDA:101,0,1,103
BRDA:102,1,0,15
BRDA:102,1,1,88
BRF:4
BRH:4
end_of_record
TN:
SF:src/database/query-builder.ts
FN:31,constructor
FN:39,select
FN:40,(anonymous_2)
FN:51,where
FN:89,whereIn
FN:93,whereNotIn
FN:97,whereBetween
FN:103,whereNull
FN:109,whereNotNull
FN:115,addInClause
FN:125,orderBy
FN:135,limit
FN:140,offset
FN:145,build
FN:150,(anonymous_14)
FN:164,(anonymous_15)
FN:176,all
FN:185,first
FN:193,count
FN:208,buildWhereClauses
FN:209,(anonymous_20)
FN:219,(anonymous_21)
FNF:22
FNH:21
FNDA:22,constructor
FNDA:5,select
FNDA:8,(anonymous_2)
FNDA:9,where
FNDA:3,whereIn
FNDA:1,whereNotIn
FNDA:1,whereBetween
FNDA:2,whereNull
FNDA:1,whereNotNull
FNDA:4,addInClause
FNDA:3,orderBy
FNDA:1,limit
FNDA:1,offset
FNDA:9,build
FNDA:11,(anonymous_14)
FNDA:1,(anonymous_15)
FNDA:9,all
FNDA:0,first
FNDA:2,count
FNDA:7,buildWhereClauses
FNDA:10,(anonymous_20)
FNDA:6,(anonymous_21)
DA:25,22
DA:26,22
DA:27,22
DA:32,22
DA:33,22
DA:36,22
DA:40,5
DA:41,8
DA:43,7
DA:44,7
DA:45,0
DA:46,7
DA:48,5
DA:52,9
DA:53,9
DA:64,9
DA:65,9
DA:66,1
DA:67,1
DA:69,7
DA:70,1
DA:72,6
DA:73,1
DA:77,5
DA:78,2
DA:80,3
DA:86,3
DA:90,3
DA:94,1
DA:98,1
DA:99,1
DA:100,1
DA:104,2
DA:105,2
DA:106,2
DA:110,1
DA:111,1
DA:112,1
DA:116,4
DA:117,4
DA:118,1
DA:119,1
DA:121,3
DA:122,3
DA:126,3
DA:127,3
DA:128,3
DA:129,1
DA:131,1
DA:132,1
DA:136,1
DA:137,1
DA:141,1
DA:142,1
DA:146,9
DA:149,9
DA:150,9
DA:151,11
DA:152,3
DA:153,3
DA:156,9
DA:158,9
DA:159,5
DA:160,5
DA:163,9
DA:164,1
DA:165,1
DA:167,1
DA:170,9
DA:171,9
DA:173,9
DA:177,9
DA:178,9
DA:182,9
DA:186,0
DA:187,0
DA:194,2
DA:195,2
DA:196,2
DA:197,2
DA:198,2
DA:199,2
DA:201,2
DA:205,2
DA:209,7
DA:210,10
DA:212,10
DA:214,3
DA:215,3
DA:218,3
DA:219,6
DA:220,3
DA:224,1
DA:225,1
DA:228,3
LF:95
LH:92
BRDA:41,0,0,1
BRDA:41,0,1,7
BRDA:44,1,0,0
BRDA:44,1,1,7
BRDA:51,2,0,9
BRDA:65,3,0,1
BRDA:65,3,1,8
BRDA:65,4,0,9
BRDA:65,4,1,7
BRDA:66,5,0,1
BRDA:66,5,1,0
BRDA:69,6,0,1
BRDA:69,6,1,6
BRDA:72,7,0,1
BRDA:72,7,1,5
BRDA:72,8,0,6
BRDA:72,8,1,5
BRDA:74,9,0,1
BRDA:74,9,1,0
BRDA:77,10,0,2
BRDA:77,10,1,3
BRDA:117,11,0,1
BRDA:117,11,1,3
BRDA:118,12,0,0
BRDA:118,12,1,1
BRDA:125,13,0,3
BRDA:128,14,0,1
BRDA:128,14,1,2
BRDA:128,15,0,3
BRDA:128,15,1,2
BRDA:151,16,0,8
BRDA:151,16,1,3
BRDA:158,17,0,5
BRDA:158,17,1,4
BRDA:163,18,0,1
BRDA:163,18,1,8
BRDA:170,19,0,1
BRDA:170,19,1,8
BRDA:171,20,0,1
BRDA:171,20,1,8
BRDA:182,21,0,9
BRDA:182,21,1,0
BRDA:197,22,0,2
BRDA:197,22,1,0
BRDA:205,23,0,2
BRDA:205,23,1,2
BRDA:212,24,0,3
BRDA:212,24,1,3
BRDA:212,24,2,1
BRDA:212,24,3,3
BRDA:220,25,0,1
BRDA:220,25,1,2
BRDA:228,26,0,1
BRDA:228,26,1,2
BRF:54
BRH:48
end_of_record
TN:
SF:src/database/repository.ts
FN:18,constructor
FN:26,findAll
FN:34,findById
FN:42,findWhere
FN:47,(anonymous_4)
FN:58,findOneWhere
FN:63,(anonymous_6)
FN:73,create
FN:75,(anonymous_8)
FN:86,update
FN:93,(anonymous_10)
FN:103,delete
FN:111,raw
FN:120,rawFirst
FN:131,count
FN:136,(anonymous_15)
FNF:16
FNH:14
FNDA:10,constructor
FNDA:1,findAll
FNDA:1,findById
FNDA:1,findWhere
FNDA:1,(anonymous_4)
FNDA:0,findOneWhere
FNDA:0,(anonymous_6)
FNDA:1,create
FNDA:3,(anonymous_8)
FNDA:1,update
FNDA:1,(anonymous_10)
FNDA:1,delete
FNDA:1,raw
FNDA:1,rawFirst
FNDA:1,count
FNDA:1,(anonymous_15)
DA:19,10
DA:20,10
DA:22,10
DA:27,1
DA:30,1
DA:35,1
DA:43,1
DA:44,1
DA:46,1
DA:47,1
DA:49,1
DA:50,1
DA:54,1
DA:59,0
DA:60,0
DA:62,0
DA:63,0
DA:65,0
DA:66,0
DA:74,1
DA:75,3
DA:76,1
DA:77,1
DA:90,1
DA:91,1
DA:92,1
DA:93,1
DA:95,1
DA:96,1
DA:104,1
DA:112,1
DA:116,1
DA:124,1
DA:133,1
DA:134,1
DA:135,1
DA:136,1
DA:138,1
DA:144,0
DA:148,1
DA:149,1
LF:41
LH:34
BRDA:30,0,0,1
BRDA:30,0,1,0
BRDA:44,1,0,0
BRDA:44,1,1,1
BRDA:54,2,0,1
BRDA:54,2,1,0
BRDA:60,3,0,0
BRDA:60,3,1,0
BRDA:91,4,0,0
BRDA:91,4,1,1
BRDA:116,5,0,1
BRDA:116,5,1,0
BRDA:133,6,0,1
BRDA:133,6,1,0
BRDA:133,7,0,1
BRDA:133,7,1,1
BRDA:149,8,0,1
BRDA:149,8,1,1
BRF:18
BRH:10
end_of_record
TN:
SF:src/decorators/index.ts
FN:23,Module
FN:24,(anonymous_1)
FN:31,Injectable
FN:32,(anonymous_3)
FN:36,(anonymous_4)
FN:43,Inject
FN:44,(anonymous_6)
FN:53,Controller
FN:54,(anonymous_8)
FN:58,(anonymous_9)
FN:65,createRouteDecorator
FN:66,(anonymous_11)
FN:67,(anonymous_12)
FN:86,HttpCode
FN:91,(anonymous_14)
FN:102,createParamDecorator
FN:103,(anonymous_16)
FN:104,(anonymous_17)
FN:127,UseMiddleware
FN:128,(anonymous_19)
FN:139,UsePipe
FN:140,(anonymous_21)
FNF:22
FNH:19
FNDA:43,Module
FNDA:43,(anonymous_1)
FNDA:2,Injectable
FNDA:2,(anonymous_3)
FNDA:1,(anonymous_4)
FNDA:0,Inject
FNDA:0,(anonymous_6)
FNDA:43,Controller
FNDA:43,(anonymous_8)
FNDA:0,(anonymous_9)
FNDA:24,createRouteDecorator
FNDA:43,(anonymous_11)
FNDA:43,(anonymous_12)
FNDA:4,HttpCode
FNDA:1,(anonymous_14)
FNDA:28,createParamDecorator
FNDA:14,(anonymous_16)
FNDA:14,(anonymous_17)
FNDA:4,UseMiddleware
FNDA:4,(anonymous_19)
FNDA:8,UsePipe
FNDA:8,(anonymous_21)
DA:4,4
DA:5,4
DA:6,4
DA:7,4
DA:8,4
DA:9,4
DA:10,4
DA:11,4
DA:12,4
DA:24,43
DA:25,43
DA:32,2
DA:33,2
DA:34,2
DA:35,2
DA:36,2
DA:37,2
DA:44,0
DA:45,0
DA:46,0
DA:47,0
DA:54,43
DA:55,43
DA:56,43
DA:57,43
DA:58,43
DA:59,43
DA:66,24
DA:67,43
DA:68,43
DA:69,43
DA:74,43
DA:79,4
DA:80,4
DA:81,4
DA:82,4
DA:83,4
DA:84,4
DA:87,4
DA:88,3
DA:91,1
DA:92,1
DA:103,28
DA:104,14
DA:105,14
DA:106,14
DA:107,14
DA:108,14
DA:113,4
DA:114,4
DA:115,4
DA:116,4
DA:117,4
DA:120,4
DA:123,4
DA:128,4
DA:129,4
DA:131,2
DA:134,2
DA:140,8
DA:141,8
DA:142,7
DA:148,1
LF:63
LH:59
BRDA:34,0,0,2
BRDA:34,0,1,2
BRDA:35,1,0,2
BRDA:35,1,1,2
BRDA:35,1,2,1
BRDA:36,2,0,1
BRDA:36,2,1,1
BRDA:45,3,0,0
BRDA:45,3,1,0
BRDA:53,4,0,43
BRDA:56,5,0,43
BRDA:56,5,1,43
BRDA:57,6,0,43
BRDA:57,6,1,43
BRDA:57,6,2,43
BRDA:58,7,0,0
BRDA:58,7,1,0
BRDA:66,8,0,43
BRDA:68,9,0,43
BRDA:68,9,1,43
BRDA:87,10,0,3
BRDA:87,10,1,1
BRDA:87,11,0,4
BRDA:87,11,1,3
BRDA:87,11,2,2
BRDA:106,12,0,14
BRDA:106,12,1,11
BRDA:129,13,0,2
BRDA:129,13,1,2
BRDA:141,14,0,7
BRDA:141,14,1,1
BRF:31
BRH:27
end_of_record
TN:
SF:src/extras/middlewares.ts
FN:26,cors
FN:39,(anonymous_1)
FN:60,resolveAllowedOrigin
FN:77,logger
FN:78,(anonymous_4)
FN:88,requestLogger
FN:98,(anonymous_6)
FN:127,bearerAuth
FN:128,(anonymous_8)
FN:165,devRateLimit
FN:169,(anonymous_10)
FNF:11
FNH:7
FNDA:7,cors
FNDA:6,(anonymous_1)
FNDA:6,resolveAllowedOrigin
FNDA:0,logger
FNDA:0,(anonymous_4)
FNDA:12,requestLogger
FNDA:12,(anonymous_6)
FNDA:0,bearerAuth
FNDA:0,(anonymous_8)
FNDA:2,devRateLimit
FNDA:4,(anonymous_10)
DA:33,7
DA:35,7
DA:36,1
DA:39,6
DA:40,6
DA:41,6
DA:42,6
DA:44,6
DA:45,5
DA:46,5
DA:47,5
DA:48,5
DA:49,5
DA:52,6
DA:53,1
DA:56,5
DA:64,6
DA:65,6
DA:66,6
DA:67,1
DA:69,5
DA:70,4
DA:72,1
DA:78,0
DA:79,0
DA:80,0
DA:96,12
DA:98,12
DA:99,12
DA:101,12
DA:105,12
DA:128,0
DA:129,0
DA:130,0
DA:131,0
DA:137,0
DA:139,0
DA:142,0
DA:143,0
DA:166,2
DA:167,2
DA:169,2
DA:171,4
DA:174,4
DA:175,4
DA:177,4
DA:178,3
DA:179,3
DA:182,4
DA:184,4
DA:185,1
DA:199,3
LF:52
LH:41
BRDA:26,0,0,7
BRDA:28,1,0,7
BRDA:29,2,0,7
BRDA:30,3,0,7
BRDA:31,4,0,7
BRDA:32,5,0,7
BRDA:35,6,0,1
BRDA:35,6,1,6
BRDA:35,7,0,7
BRDA:35,7,1,3
BRDA:44,8,0,5
BRDA:44,8,1,1
BRDA:49,9,0,1
BRDA:49,9,1,4
BRDA:52,10,0,1
BRDA:52,10,1,5
BRDA:64,11,0,0
BRDA:64,11,1,6
BRDA:65,12,0,0
BRDA:65,12,1,6
BRDA:66,13,0,1
BRDA:66,13,1,5
BRDA:67,14,0,1
BRDA:67,14,1,0
BRDA:69,15,0,4
BRDA:69,15,1,1
BRDA:70,16,0,3
BRDA:70,16,1,1
BRDA:72,17,0,1
BRDA:72,17,1,0
BRDA:88,18,0,12
BRDA:90,19,0,12
BRDA:91,20,0,12
BRDA:92,21,0,12
BRDA:93,22,0,12
BRDA:94,23,0,12
BRDA:101,24,0,12
BRDA:101,24,1,9
BRDA:101,24,2,9
BRDA:127,25,0,0
BRDA:130,26,0,0
BRDA:130,26,1,0
BRDA:139,27,0,0
BRDA:139,27,1,0
BRDA:140,28,0,0
BRDA:140,28,1,0
BRDA:142,29,0,0
BRDA:142,29,1,0
BRDA:142,30,0,0
BRDA:142,30,1,0
BRDA:165,31,0,2
BRDA:166,32,0,2
BRDA:166,33,0,2
BRDA:171,34,0,4
BRDA:171,34,1,0
BRDA:171,34,2,0
BRDA:177,35,0,3
BRDA:177,35,1,1
BRDA:177,36,0,4
BRDA:177,36,1,1
BRDA:184,37,0,1
BRDA:184,37,1,3
BRF:62
BRH:45
end_of_record
TN:
SF:src/extras/validation.ts
FN:38,validateBody
FN:49,createValidationPipe
FN:55,(anonymous_2)
FN:57,(anonymous_3)
FN:79,parameterMatchesRule
FN:88,toValidationIssues
FN:107,(anonymous_6)
FN:112,withFallbackField
FNF:8
FNH:8
FNDA:2,validateBody
FNDA:3,createValidationPipe
FNDA:3,(anonymous_2)
FNDA:4,(anonymous_3)
FNDA:4,parameterMatchesRule
FNDA:3,toValidationIssues
FNDA:2,(anonymous_6)
FNDA:3,withFallbackField
DA:42,2
DA:53,3
DA:55,3
DA:56,3
DA:57,3
DA:58,4
DA:61,3
DA:62,3
DA:66,3
DA:71,3
DA:72,3
DA:83,4
DA:93,3
DA:94,3
DA:95,0
DA:100,3
DA:101,1
DA:106,2
DA:107,2
DA:109,1
DA:116,3
LF:21
LH:20
BRDA:40,0,0,2
BRDA:51,1,0,3
BRDA:53,2,0,0
BRDA:53,2,1,3
BRDA:68,3,0,3
BRDA:68,3,1,3
BRDA:68,3,2,3
BRDA:71,4,0,3
BRDA:71,4,1,0
BRDA:83,5,0,4
BRDA:83,5,1,3
BRDA:83,5,2,1
BRDA:93,6,0,0
BRDA:93,6,1,3
BRDA:93,7,0,3
BRDA:93,7,1,3
BRDA:94,8,0,0
BRDA:94,8,1,3
BRDA:100,9,0,1
BRDA:100,9,1,2
BRDA:106,10,0,1
BRDA:106,10,1,1
BRDA:118,11,0,3
BRDA:118,11,1,1
BRF:24
BRH:20
end_of_record
